2025-01-03 17:11:46 collect.py [line:209] ERROR: cannot extract username and gist id due to invalid github gist link
2025-01-03 17:11:46 collect.py [line:71] INFO: start checking whether existing subscriptions have expired
2025-01-03 17:11:48 utils.py [line:557] INFO: [Concurrent] multi-threaded execute [check_status] finished, count: 35, cost: 2.42s
2025-01-03 17:11:48 collect.py [line:113] INFO: load exists subscription finished, count: 33
2025-01-03 17:11:49 crawl.py [line:1430] INFO: [TelegramCrawl] starting crawl from telegram, channel: jichang_list, pages: 30
2025-01-03 17:11:49 crawl.py [line:1390] INFO: [AirPortCrawl] start collect airport, url: https://t.me/s/jichang_list?before=3949
2025-01-03 17:11:49 crawl.py [line:1390] INFO: [AirPortCrawl] start collect airport, url: https://t.me/s/jichang_list?before=3929
2025-01-03 17:11:49 crawl.py [line:1390] INFO: [AirPortCrawl] start collect airport, url: https://t.me/s/jichang_list?before=3909
2025-01-03 17:11:49 crawl.py [line:1390] INFO: [AirPortCrawl] start collect airport, url: https://t.me/s/jichang_list?before=3889
2025-01-03 17:11:49 crawl.py [line:1390] INFO: [AirPortCrawl] start collect airport, url: https://t.me/s/jichang_list?before=3869
2025-01-03 17:11:49 crawl.py [line:1390] INFO: [AirPortCrawl] start collect airport, url: https://t.me/s/jichang_list?before=3849
2025-01-03 17:11:49 crawl.py [line:1390] INFO: [AirPortCrawl] start collect airport, url: https://t.me/s/jichang_list?before=3829
2025-01-03 17:11:49 crawl.py [line:1390] INFO: [AirPortCrawl] start collect airport, url: https://t.me/s/jichang_list?before=3809
2025-01-03 17:11:50 crawl.py [line:1390] INFO: [AirPortCrawl] start collect airport, url: https://t.me/s/jichang_list?before=3789
2025-01-03 17:11:50 crawl.py [line:1390] INFO: [AirPortCrawl] start collect airport, url: https://t.me/s/jichang_list?before=3769
2025-01-03 17:11:50 crawl.py [line:1390] INFO: [AirPortCrawl] start collect airport, url: https://t.me/s/jichang_list?before=3749
2025-01-03 17:11:50 crawl.py [line:1390] INFO: [AirPortCrawl] start collect airport, url: https://t.me/s/jichang_list?before=3729
2025-01-03 17:11:50 crawl.py [line:1390] INFO: [AirPortCrawl] start collect airport, url: https://t.me/s/jichang_list?before=3709
2025-01-03 17:11:50 crawl.py [line:1390] INFO: [AirPortCrawl] start collect airport, url: https://t.me/s/jichang_list?before=3689
2025-01-03 17:11:50 crawl.py [line:1390] INFO: [AirPortCrawl] start collect airport, url: https://t.me/s/jichang_list?before=3669
2025-01-03 17:11:50 crawl.py [line:1390] INFO: [AirPortCrawl] start collect airport, url: https://t.me/s/jichang_list?before=3649
2025-01-03 17:11:50 crawl.py [line:1390] INFO: [AirPortCrawl] start collect airport, url: https://t.me/s/jichang_list?before=3629
2025-01-03 17:11:50 crawl.py [line:1390] INFO: [AirPortCrawl] start collect airport, url: https://t.me/s/jichang_list?before=3609
2025-01-03 17:11:50 crawl.py [line:1390] INFO: [AirPortCrawl] start collect airport, url: https://t.me/s/jichang_list?before=3589
2025-01-03 17:11:50 crawl.py [line:1390] INFO: [AirPortCrawl] start collect airport, url: https://t.me/s/jichang_list?before=3569
2025-01-03 17:11:50 crawl.py [line:1390] INFO: [AirPortCrawl] start collect airport, url: https://t.me/s/jichang_list?before=3549
2025-01-03 17:11:50 crawl.py [line:1390] INFO: [AirPortCrawl] start collect airport, url: https://t.me/s/jichang_list?before=3529
2025-01-03 17:11:50 crawl.py [line:1390] INFO: [AirPortCrawl] start collect airport, url: https://t.me/s/jichang_list?before=3509
2025-01-03 17:11:50 crawl.py [line:1390] INFO: [AirPortCrawl] start collect airport, url: https://t.me/s/jichang_list?before=3489
2025-01-03 17:11:51 crawl.py [line:1390] INFO: [AirPortCrawl] start collect airport, url: https://t.me/s/jichang_list?before=3469
2025-01-03 17:11:51 crawl.py [line:1390] INFO: [AirPortCrawl] start collect airport, url: https://t.me/s/jichang_list?before=3449
2025-01-03 17:11:51 crawl.py [line:1390] INFO: [AirPortCrawl] start collect airport, url: https://t.me/s/jichang_list?before=3429
2025-01-03 17:11:51 crawl.py [line:1390] INFO: [AirPortCrawl] start collect airport, url: https://t.me/s/jichang_list?before=3409
2025-01-03 17:11:51 crawl.py [line:1390] INFO: [AirPortCrawl] start collect airport, url: https://t.me/s/jichang_list?before=3389
2025-01-03 17:11:51 crawl.py [line:1390] INFO: [AirPortCrawl] start collect airport, url: https://t.me/s/jichang_list?before=3369
2025-01-03 17:11:51 utils.py [line:557] INFO: [Concurrent] multi-threaded execute [extract_airport_site] finished, count: 30, cost: 2.32s
2025-01-03 17:11:59 utils.py [line:557] INFO: [Concurrent] multi-threaded execute [get_redirect_url] finished, count: 13, cost: 7.37s
2025-01-03 17:12:03 utils.py [line:557] INFO: [Concurrent] multi-threaded execute [run_crawl] finished, count: 10, cost: 0.12s
2025-01-03 17:12:03 crawl.py [line:1731] INFO: [AirPortCollector] fetched 828 airport, start extracting real routing addresses
2025-01-03 17:13:20 utils.py [line:557] INFO: [Concurrent] multi-threaded execute [extract_backend_url] finished, count: 828, cost: 76.31s
2025-01-03 17:13:20 crawl.py [line:1743] INFO: [AirPortCollector] extract real base url finished, start to check it now
2025-01-03 17:14:05 utils.py [line:557] INFO: [Concurrent] multi-threaded execute [validate_domain] finished, count: 619, cost: 45.60s
2025-01-03 17:14:05 crawl.py [line:1755] INFO: [AirPortCollector] finished collect airport, availables: 85
2025-01-03 17:14:05 collect.py [line:249] INFO: start generate subscribes information, tasks: 129
2025-01-03 17:14:05 workflow.py [line:105] INFO: start fetch proxy: name=[1jJXhHbf]	id=[1]	domain=[https://console.veseai.com]
2025-01-03 17:14:05 workflow.py [line:105] INFO: start fetch proxy: name=[ksIFpnxS]	id=[1]	domain=[https://www.kuaidog010.top]
2025-01-03 17:14:05 workflow.py [line:105] INFO: start fetch proxy: name=[eaKApGwJ]	id=[1]	domain=[https://dj.taipeicity.news]
2025-01-03 17:14:05 workflow.py [line:105] INFO: start fetch proxy: name=[9X6tTEuI]	id=[1]	domain=[https://ch.owokkvsxks.store]
2025-01-03 17:14:05 workflow.py [line:105] INFO: start fetch proxy: name=[P6LA8qwE]	id=[1]	domain=[http://8.129.23.122]
2025-01-03 17:14:05 workflow.py [line:105] INFO: start fetch proxy: name=[oeAlqyjJ]	id=[1]	domain=[http://8.129.23.122]
2025-01-03 17:14:05 workflow.py [line:105] INFO: start fetch proxy: name=[Oyl2oYvT]	id=[1]	domain=[https://www.kuaidog010.top]
2025-01-03 17:14:05 workflow.py [line:105] INFO: start fetch proxy: name=[x8NUuzwE]	id=[1]	domain=[https://hn1r5k7322.bitmusttw.com]
2025-01-03 17:14:05 workflow.py [line:105] INFO: start fetch proxy: name=[YT4x2CdI]	id=[1]	domain=[https://dy.hy2.one]
2025-01-03 17:14:05 workflow.py [line:105] INFO: start fetch proxy: name=[9RxY0hVq]	id=[1]	domain=[https://sub.tiktijy.com]
2025-01-03 17:14:05 workflow.py [line:105] INFO: start fetch proxy: name=[Us4OgP3i]	id=[1]	domain=[https://ch.cukug.website]
2025-01-03 17:14:05 workflow.py [line:105] INFO: start fetch proxy: name=[CzTRw2V3]	id=[1]	domain=[https://hn1r5k7322.bitmusttw.com]
2025-01-03 17:14:05 workflow.py [line:105] INFO: start fetch proxy: name=[gYpRtCBk]	id=[1]	domain=[http://8.129.23.122]
2025-01-03 17:14:05 workflow.py [line:105] INFO: start fetch proxy: name=[PpGJVTxY]	id=[1]	domain=[https://console.veseai.com]
2025-01-03 17:14:05 workflow.py [line:105] INFO: start fetch proxy: name=[4ZqIvofT]	id=[1]	domain=[https://ch.vfkum.website]
2025-01-03 17:14:05 workflow.py [line:105] INFO: start fetch proxy: name=[rLSE7DsX]	id=[1]	domain=[https://hn1r5k7322.bitmusttw.com]
2025-01-03 17:14:05 workflow.py [line:105] INFO: start fetch proxy: name=[8IrZapfJ]	id=[1]	domain=[https://powerwan.net]
2025-01-03 17:14:05 workflow.py [line:105] INFO: start fetch proxy: name=[xXcoq1UM]	id=[1]	domain=[https://sub.tiktijy.com]
2025-01-03 17:14:05 workflow.py [line:105] INFO: start fetch proxy: name=[f2rGh5JO]	id=[1]	domain=[http://8.129.23.122]
2025-01-03 17:14:05 workflow.py [line:105] INFO: start fetch proxy: name=[CTZxL8z2]	id=[1]	domain=[https://hn1r5k7322.bitmusttw.com]
2025-01-03 17:14:05 workflow.py [line:105] INFO: start fetch proxy: name=[Qr042LDv]	id=[1]	domain=[http://8.129.23.122]
2025-01-03 17:14:05 workflow.py [line:105] INFO: start fetch proxy: name=[LDBoeG7g]	id=[1]	domain=[https://dj.taipeicity.news]
2025-01-03 17:14:05 workflow.py [line:105] INFO: start fetch proxy: name=[CBMjUDmk]	id=[1]	domain=[https://dy.hy2.one]
2025-01-03 17:14:05 workflow.py [line:105] INFO: start fetch proxy: name=[fD6A7Nle]	id=[1]	domain=[https://www.kuaidog010.top]
2025-01-03 17:14:05 workflow.py [line:105] INFO: start fetch proxy: name=[HcsJTd69]	id=[1]	domain=[https://hn1r5k7322.bitmusttw.com]
2025-01-03 17:14:05 workflow.py [line:105] INFO: start fetch proxy: name=[svWieOJM]	id=[1]	domain=[https://sub.tiktijy.com]
2025-01-03 17:14:05 workflow.py [line:105] INFO: start fetch proxy: name=[RC2NK0dX]	id=[1]	domain=[https://jb.taipeicity.news]
2025-01-03 17:14:05 workflow.py [line:105] INFO: start fetch proxy: name=[dyp5BLiq]	id=[1]	domain=[https://ch.owokkvsxks.store]
2025-01-03 17:14:05 workflow.py [line:105] INFO: start fetch proxy: name=[3Wvm0VZA]	id=[1]	domain=[https://ch.cukug.website]
2025-01-03 17:14:05 workflow.py [line:105] INFO: start fetch proxy: name=[463LiSEt]	id=[1]	domain=[https://ch.owokkvsxks.store]
2025-01-03 17:14:05 workflow.py [line:105] INFO: start fetch proxy: name=[2hLO9JlP]	id=[1]	domain=[https://hn1r5k7322.bitmusttw.com]
2025-01-03 17:14:05 workflow.py [line:105] INFO: start fetch proxy: name=[ru981Pw7]	id=[1]	domain=[https://ch.owokkvsxks.store]
2025-01-03 17:14:05 workflow.py [line:105] INFO: start fetch proxy: name=[ikVQfpGn]	id=[1]	domain=[https://hn1r5k7322.bitmusttw.com]
2025-01-03 17:14:05 workflow.py [line:105] INFO: start fetch proxy: name=[changyouvpntop-t15]	id=[1]	domain=[https://changyouvpn.top]
2025-01-03 17:14:05 workflow.py [line:105] INFO: start fetch proxy: name=[kuailejcxyz-zajs]	id=[1]	domain=[https://kuailejc.xyz]
2025-01-03 17:14:05 workflow.py [line:105] INFO: start fetch proxy: name=[w02qytl2web01cc-wrf5y]	id=[1]	domain=[https://w02.qytl2web01.cc]
2025-01-03 17:14:05 workflow.py [line:105] INFO: start fetch proxy: name=[airaptliveorg-2o7]	id=[1]	domain=[https://air.aptlive.org]
2025-01-03 17:14:05 workflow.py [line:105] INFO: start fetch proxy: name=[qingyunticc-qzro1]	id=[1]	domain=[http://qingyunti.cc]
2025-01-03 17:14:05 workflow.py [line:105] INFO: start fetch proxy: name=[superquicklinkapptop-e653v]	id=[1]	domain=[https://super.quicklinkapp.top]
2025-01-03 17:14:05 workflow.py [line:105] INFO: start fetch proxy: name=[appgomeowcloud-v6b]	id=[1]	domain=[https://app.gomeow.cloud]
2025-01-03 17:14:05 workflow.py [line:105] INFO: start fetch proxy: name=[sanqianlijinxiuheshanuskg-z4kgv]	id=[1]	domain=[https://sanqianlijinxiuheshan.us.kg]
2025-01-03 17:14:05 workflow.py [line:105] INFO: start fetch proxy: name=[nexxuskg-zh70]	id=[1]	domain=[https://nexx.us.kg]
2025-01-03 17:14:05 workflow.py [line:105] INFO: start fetch proxy: name=[vvclouduskg-sfm]	id=[1]	domain=[https://vvcloud.us.kg]
2025-01-03 17:14:05 workflow.py [line:105] INFO: start fetch proxy: name=[kaikaixinxinme-if09]	id=[1]	domain=[https://kaikaixinxin.me]
2025-01-03 17:14:05 workflow.py [line:105] INFO: start fetch proxy: name=[yunluvip-smdf9]	id=[1]	domain=[https://yunlu.vip]
2025-01-03 17:14:05 workflow.py [line:105] INFO: start fetch proxy: name=[zoumaguanhuaxyz-8qfig]	id=[1]	domain=[https://zouma.guanhua.xyz]
2025-01-03 17:14:05 workflow.py [line:105] INFO: start fetch proxy: name=[dashminizzonline-gpm]	id=[1]	domain=[https://dash.minizz.online]
2025-01-03 17:14:05 workflow.py [line:105] INFO: start fetch proxy: name=[wwwhj521top-ga6n5]	id=[1]	domain=[https://www.hj521.top]
2025-01-03 17:14:05 workflow.py [line:105] INFO: start fetch proxy: name=[wwwhj522top-p1ljg]	id=[1]	domain=[https://www.hj522.top]
2025-01-03 17:14:05 workflow.py [line:105] INFO: start fetch proxy: name=[kaolacloudsite-q9yr]	id=[1]	domain=[https://kaolacloud.site]
2025-01-03 17:14:05 workflow.py [line:105] INFO: start fetch proxy: name=[consoleveseaicom-n63s]	id=[1]	domain=[https://console.veseai.com]
2025-01-03 17:14:05 workflow.py [line:105] INFO: start fetch proxy: name=[superbiucom-e61]	id=[1]	domain=[https://superbiu.com]
2025-01-03 17:14:05 workflow.py [line:105] INFO: start fetch proxy: name=[abcnoseiseicom-b9i]	id=[1]	domain=[https://abc.noseisei.com]
2025-01-03 17:14:05 workflow.py [line:105] INFO: start fetch proxy: name=[mypianyiinfo-ywhl]	id=[1]	domain=[https://my.pianyi.info]
2025-01-03 17:14:05 workflow.py [line:105] INFO: start fetch proxy: name=[xyznoseiseicom-ukms]	id=[1]	domain=[https://xyz.noseisei.com]
2025-01-03 17:14:05 workflow.py [line:105] INFO: start fetch proxy: name=[zxcnoseiseicom-sz5]	id=[1]	domain=[https://zxc.noseisei.com]
2025-01-03 17:14:05 workflow.py [line:105] INFO: start fetch proxy: name=[ayousucc-kwr21]	id=[1]	domain=[https://a.yousu.cc]
2025-01-03 17:14:05 workflow.py [line:105] INFO: start fetch proxy: name=[bailiansite-4s9n]	id=[1]	domain=[https://bailian.site]
2025-01-03 17:14:05 workflow.py [line:105] INFO: start fetch proxy: name=[vyyidsdufcom-34cy]	id=[1]	domain=[http://vyy.idsduf.com]
2025-01-03 17:14:05 workflow.py [line:105] INFO: start fetch proxy: name=[dggidsdufcom-0qu]	id=[1]	domain=[https://dgg.idsduf.com]
2025-01-03 17:14:05 workflow.py [line:105] INFO: start fetch proxy: name=[cyousucc-jl04]	id=[1]	domain=[https://c.yousu.cc]
2025-01-03 17:14:05 workflow.py [line:105] INFO: start fetch proxy: name=[byousucc-3nm]	id=[1]	domain=[https://b.yousu.cc]
2025-01-03 17:14:05 workflow.py [line:105] INFO: start fetch proxy: name=[applegethcc-g15nm]	id=[1]	domain=[https://app.legeth.cc]
2025-01-03 17:14:05 workflow.py [line:105] INFO: start fetch proxy: name=[wwwxbyunlive-dxma]	id=[1]	domain=[https://www.xbyun.live]
2025-01-03 17:14:05 airport.py [line:276] INFO: achieved max retry when register, domain: https://app.gomeow.cloud
2025-01-03 17:14:05 airport.py [line:527] ERROR: [ParseError] cannot found any proxies because subscribe url is empty, domain: https://app.gomeow.cloud
2025-01-03 17:14:05 workflow.py [line:138] INFO: finished fetch proxy: name=[appgomeowcloud-v6b]	id=[]	domain=[https://app.gomeow.cloud]	count=[0]
2025-01-03 17:14:05 workflow.py [line:105] INFO: start fetch proxy: name=[xbfeiyimom-y0kq]	id=[1]	domain=[https://xb.feiyi.mom]
2025-01-03 17:14:05 airport.py [line:276] INFO: achieved max retry when register, domain: https://nexx.us.kg
2025-01-03 17:14:05 airport.py [line:527] ERROR: [ParseError] cannot found any proxies because subscribe url is empty, domain: https://nexx.us.kg
2025-01-03 17:14:05 workflow.py [line:138] INFO: finished fetch proxy: name=[nexxuskg-zh70]	id=[]	domain=[https://nexx.us.kg]	count=[0]
2025-01-03 17:14:05 workflow.py [line:105] INFO: start fetch proxy: name=[wwwsmcowcom-utr]	id=[1]	domain=[https://www.smcow.com]
2025-01-03 17:14:05 airport.py [line:527] ERROR: [ParseError] cannot found any proxies because subscribe url is empty, domain: https://kaolacloud.site
2025-01-03 17:14:05 workflow.py [line:138] INFO: finished fetch proxy: name=[kaolacloudsite-q9yr]	id=[]	domain=[https://kaolacloud.site]	count=[0]
2025-01-03 17:14:05 workflow.py [line:105] INFO: start fetch proxy: name=[thecomtoday-vr730]	id=[1]	domain=[https://thecom.today]
2025-01-03 17:14:05 airport.py [line:276] INFO: achieved max retry when register, domain: https://xb.feiyi.mom
2025-01-03 17:14:05 airport.py [line:527] ERROR: [ParseError] cannot found any proxies because subscribe url is empty, domain: https://xb.feiyi.mom
2025-01-03 17:14:05 workflow.py [line:138] INFO: finished fetch proxy: name=[xbfeiyimom-y0kq]	id=[]	domain=[https://xb.feiyi.mom]	count=[0]
2025-01-03 17:14:05 workflow.py [line:105] INFO: start fetch proxy: name=[chlouwangzhiyuxyz-ut7]	id=[1]	domain=[https://ch.louwangzhiyu.xyz]
2025-01-03 17:14:05 airport.py [line:276] INFO: achieved max retry when register, domain: https://changyouvpn.top
2025-01-03 17:14:05 airport.py [line:527] ERROR: [ParseError] cannot found any proxies because subscribe url is empty, domain: https://changyouvpn.top
2025-01-03 17:14:05 workflow.py [line:138] INFO: finished fetch proxy: name=[changyouvpntop-t15]	id=[]	domain=[https://changyouvpn.top]	count=[0]
2025-01-03 17:14:05 workflow.py [line:105] INFO: start fetch proxy: name=[xmfwwwcc-50m]	id=[1]	domain=[https://xmfwww.cc]
2025-01-03 17:14:06 airport.py [line:276] INFO: achieved max retry when register, domain: https://kuailejc.xyz
2025-01-03 17:14:06 workflow.py [line:138] INFO: finished fetch proxy: name=[8IrZapfJ]	id=[]	domain=[https://powerwan.net]	count=[22]
2025-01-03 17:14:06 workflow.py [line:105] INFO: start fetch proxy: name=[a123buzz-pbr9u]	id=[1]	domain=[https://a123.buzz]
2025-01-03 17:14:06 airport.py [line:527] ERROR: [ParseError] cannot found any proxies because subscribe url is empty, domain: https://kuailejc.xyz
2025-01-03 17:14:06 workflow.py [line:138] INFO: finished fetch proxy: name=[kuailejcxyz-zajs]	id=[]	domain=[https://kuailejc.xyz]	count=[0]
2025-01-03 17:14:06 workflow.py [line:105] INFO: start fetch proxy: name=[panelmokupro-lywm]	id=[1]	domain=[https://panel.moku.pro]
2025-01-03 17:14:06 workflow.py [line:138] INFO: finished fetch proxy: name=[eaKApGwJ]	id=[]	domain=[https://dj.taipeicity.news]	count=[8]
2025-01-03 17:14:06 workflow.py [line:105] INFO: start fetch proxy: name=[aikxme-xiy]	id=[1]	domain=[https://aikx.me]
2025-01-03 17:14:06 airport.py [line:276] INFO: achieved max retry when register, domain: https://yunlu.vip
2025-01-03 17:14:06 workflow.py [line:138] INFO: finished fetch proxy: name=[RC2NK0dX]	id=[]	domain=[https://jb.taipeicity.news]	count=[8]
2025-01-03 17:14:06 airport.py [line:527] ERROR: [ParseError] cannot found any proxies because subscribe url is empty, domain: https://yunlu.vip
2025-01-03 17:14:06 workflow.py [line:105] INFO: start fetch proxy: name=[zzzyouxuanwiki-kj25]	id=[1]	domain=[https://zzz.youxuan.wiki]
2025-01-03 17:14:06 workflow.py [line:138] INFO: finished fetch proxy: name=[yunluvip-smdf9]	id=[]	domain=[https://yunlu.vip]	count=[0]
2025-01-03 17:14:06 workflow.py [line:138] INFO: finished fetch proxy: name=[ksIFpnxS]	id=[]	domain=[https://www.kuaidog010.top]	count=[14]
2025-01-03 17:14:06 workflow.py [line:105] INFO: start fetch proxy: name=[aaik88top-26g]	id=[1]	domain=[https://a.aik88.top]
2025-01-03 17:14:06 airport.py [line:361] INFO: not exists free plan, domain: https://bailian.site
2025-01-03 17:14:06 workflow.py [line:138] INFO: finished fetch proxy: name=[Oyl2oYvT]	id=[]	domain=[https://www.kuaidog010.top]	count=[13]
2025-01-03 17:14:06 airport.py [line:276] INFO: achieved max retry when register, domain: https://kaikaixinxin.me
2025-01-03 17:14:06 airport.py [line:276] INFO: achieved max retry when register, domain: https://vvcloud.us.kg
2025-01-03 17:14:06 airport.py [line:276] INFO: achieved max retry when register, domain: https://my.pianyi.info
2025-01-03 17:14:06 workflow.py [line:138] INFO: finished fetch proxy: name=[LDBoeG7g]	id=[]	domain=[https://dj.taipeicity.news]	count=[8]
2025-01-03 17:14:06 airport.py [line:361] INFO: not exists free plan, domain: https://thecom.today
2025-01-03 17:14:06 workflow.py [line:105] INFO: start fetch proxy: name=[mapleicu-zxgl]	id=[1]	domain=[https://maple.icu]
2025-01-03 17:14:06 workflow.py [line:105] INFO: start fetch proxy: name=[1vyunyuntop-7e1yz]	id=[1]	domain=[https://1.vyunyun.top]
2025-01-03 17:14:06 airport.py [line:527] ERROR: [ParseError] cannot found any proxies because subscribe url is empty, domain: https://kaikaixinxin.me
2025-01-03 17:14:06 workflow.py [line:105] INFO: start fetch proxy: name=[dddddsite-j3urz]	id=[1]	domain=[https://ddddd.site]
2025-01-03 17:14:06 airport.py [line:527] ERROR: [ParseError] cannot found any proxies because subscribe url is empty, domain: https://vvcloud.us.kg
2025-01-03 17:14:06 workflow.py [line:138] INFO: finished fetch proxy: name=[kaikaixinxinme-if09]	id=[]	domain=[https://kaikaixinxin.me]	count=[0]
2025-01-03 17:14:06 airport.py [line:527] ERROR: [ParseError] cannot found any proxies because subscribe url is empty, domain: https://my.pianyi.info
2025-01-03 17:14:06 workflow.py [line:138] INFO: finished fetch proxy: name=[vvclouduskg-sfm]	id=[]	domain=[https://vvcloud.us.kg]	count=[0]
2025-01-03 17:14:06 workflow.py [line:105] INFO: start fetch proxy: name=[fdgdr0dg3xbvpnvip-2lu8]	id=[1]	domain=[https://fdgdr0dg3.xbvpn.vip]
2025-01-03 17:14:06 workflow.py [line:138] INFO: finished fetch proxy: name=[mypianyiinfo-ywhl]	id=[]	domain=[https://my.pianyi.info]	count=[0]
2025-01-03 17:14:06 workflow.py [line:105] INFO: start fetch proxy: name=[zqjcorg-wru]	id=[1]	domain=[https://zqjc.org]
2025-01-03 17:14:06 workflow.py [line:138] INFO: finished fetch proxy: name=[fD6A7Nle]	id=[]	domain=[https://www.kuaidog010.top]	count=[14]
2025-01-03 17:14:06 airport.py [line:527] ERROR: [ParseError] cannot found any proxies because subscribe url is empty, domain: https://super.quicklinkapp.top
2025-01-03 17:14:06 workflow.py [line:105] INFO: start fetch proxy: name=[pkqxlmplus-4u5be]	id=[1]	domain=[https://pkq.xlm.plus]
2025-01-03 17:14:06 workflow.py [line:105] INFO: start fetch proxy: name=[zhenshihuishop-hj0pb]	id=[1]	domain=[https://zhenshihui.shop]
2025-01-03 17:14:06 workflow.py [line:138] INFO: finished fetch proxy: name=[superquicklinkapptop-e653v]	id=[]	domain=[https://super.quicklinkapp.top]	count=[0]
2025-01-03 17:14:06 workflow.py [line:105] INFO: start fetch proxy: name=[zhenshihuilife-8gt]	id=[1]	domain=[https://zhenshihui.life]
2025-01-03 17:14:06 airport.py [line:276] INFO: achieved max retry when register, domain: https://www.xbyun.live
2025-01-03 17:14:06 airport.py [line:527] ERROR: [ParseError] cannot found any proxies because subscribe url is empty, domain: https://www.xbyun.live
2025-01-03 17:14:06 workflow.py [line:138] INFO: finished fetch proxy: name=[wwwxbyunlive-dxma]	id=[]	domain=[https://www.xbyun.live]	count=[0]
2025-01-03 17:14:06 workflow.py [line:105] INFO: start fetch proxy: name=[xx-aiio-n7ct]	id=[1]	domain=[https://xx-ai.io]
2025-01-03 17:14:06 airport.py [line:276] INFO: achieved max retry when register, domain: https://dash.minizz.online
2025-01-03 17:14:06 airport.py [line:527] ERROR: [ParseError] cannot found any proxies because subscribe url is empty, domain: https://dash.minizz.online
2025-01-03 17:14:06 workflow.py [line:138] INFO: finished fetch proxy: name=[dashminizzonline-gpm]	id=[]	domain=[https://dash.minizz.online]	count=[0]
2025-01-03 17:14:06 workflow.py [line:105] INFO: start fetch proxy: name=[wwwaaaspeedcc-fkx9]	id=[1]	domain=[https://www.aaaspeed.cc]
2025-01-03 17:14:06 airport.py [line:276] INFO: achieved max retry when register, domain: https://app.legeth.cc
2025-01-03 17:14:06 airport.py [line:527] ERROR: [ParseError] cannot found any proxies because subscribe url is empty, domain: https://app.legeth.cc
2025-01-03 17:14:06 workflow.py [line:138] INFO: finished fetch proxy: name=[applegethcc-g15nm]	id=[]	domain=[https://app.legeth.cc]	count=[0]
2025-01-03 17:14:06 workflow.py [line:105] INFO: start fetch proxy: name=[sq9xy6cpminigcom-6oz]	id=[1]	domain=[https://sq9xy6.cpminig.com]
2025-01-03 17:14:06 airport.py [line:276] INFO: achieved max retry when register, domain: https://sanqianlijinxiuheshan.us.kg
2025-01-03 17:14:06 airport.py [line:527] ERROR: [ParseError] cannot found any proxies because subscribe url is empty, domain: https://sanqianlijinxiuheshan.us.kg
2025-01-03 17:14:06 workflow.py [line:138] INFO: finished fetch proxy: name=[sanqianlijinxiuheshanuskg-z4kgv]	id=[]	domain=[https://sanqianlijinxiuheshan.us.kg]	count=[0]
2025-01-03 17:14:06 workflow.py [line:105] INFO: start fetch proxy: name=[vpnsudatechstore-omjuv]	id=[1]	domain=[https://vpn.sudatech.store]
2025-01-03 17:14:06 workflow.py [line:138] INFO: finished fetch proxy: name=[rLSE7DsX]	id=[]	domain=[https://hn1r5k7322.bitmusttw.com]	count=[4]
2025-01-03 17:14:06 workflow.py [line:105] INFO: start fetch proxy: name=[1runvip-on76g]	id=[1]	domain=[http://1run.vip]
2025-01-03 17:14:06 airport.py [line:554] ERROR: [ParseError] cannot found any proxies, subscribe: https://thecom.today/api/v1/client/subscribe?token=2d8***a5c
2025-01-03 17:14:06 workflow.py [line:138] INFO: finished fetch proxy: name=[thecomtoday-vr730]	id=[gYtB4pCObj@126.com]	domain=[https://thecom.today]	count=[0]
2025-01-03 17:14:06 workflow.py [line:105] INFO: start fetch proxy: name=[abyssvpncom-uzxw]	id=[1]	domain=[https://abyssvpn.com]
2025-01-03 17:14:06 workflow.py [line:138] INFO: finished fetch proxy: name=[2hLO9JlP]	id=[]	domain=[https://hn1r5k7322.bitmusttw.com]	count=[4]
2025-01-03 17:14:06 workflow.py [line:105] INFO: start fetch proxy: name=[appcloudlionme-hgnzl]	id=[1]	domain=[https://app.cloudlion.me]
2025-01-03 17:14:06 airport.py [line:554] ERROR: [ParseError] cannot found any proxies, subscribe: https://sub.bailian.site/api/v1/client/subscribe?token=35f***e8c
2025-01-03 17:14:06 workflow.py [line:138] INFO: finished fetch proxy: name=[CzTRw2V3]	id=[]	domain=[https://hn1r5k7322.bitmusttw.com]	count=[4]
2025-01-03 17:14:06 workflow.py [line:138] INFO: finished fetch proxy: name=[bailiansite-4s9n]	id=[Dqt74sXHeNoVYh@qq.com]	domain=[https://bailian.site]	count=[0]
2025-01-03 17:14:06 workflow.py [line:105] INFO: start fetch proxy: name=[wwwsusucloudnet-3e4h9]	id=[1]	domain=[https://www.susucloud.net]
2025-01-03 17:14:06 workflow.py [line:138] INFO: finished fetch proxy: name=[HcsJTd69]	id=[]	domain=[https://hn1r5k7322.bitmusttw.com]	count=[4]
2025-01-03 17:14:06 workflow.py [line:138] INFO: finished fetch proxy: name=[x8NUuzwE]	id=[]	domain=[https://hn1r5k7322.bitmusttw.com]	count=[4]
2025-01-03 17:14:06 workflow.py [line:105] INFO: start fetch proxy: name=[apihpyjctop-sfa]	id=[1]	domain=[http://api.hpyjc.top]
2025-01-03 17:14:06 workflow.py [line:105] INFO: start fetch proxy: name=[hpyjctop-9ufj]	id=[1]	domain=[http://hpyjc.top]
2025-01-03 17:14:06 workflow.py [line:105] INFO: start fetch proxy: name=[hy-2com-4hdmx]	id=[1]	domain=[https://hy-2.com]
2025-01-03 17:14:06 workflow.py [line:138] INFO: finished fetch proxy: name=[YT4x2CdI]	id=[]	domain=[https://dy.hy2.one]	count=[35]
2025-01-03 17:14:06 workflow.py [line:105] INFO: start fetch proxy: name=[zhuiyuntop-n1z]	id=[1]	domain=[https://zhuiyun.top]
2025-01-03 17:14:06 workflow.py [line:138] INFO: finished fetch proxy: name=[PpGJVTxY]	id=[]	domain=[https://console.veseai.com]	count=[12]
2025-01-03 17:14:06 workflow.py [line:105] INFO: start fetch proxy: name=[bxiaowcc-zd29]	id=[1]	domain=[https://b.xiaow.cc]
2025-01-03 17:14:06 workflow.py [line:138] INFO: finished fetch proxy: name=[9X6tTEuI]	id=[]	domain=[https://ch.owokkvsxks.store]	count=[63]
2025-01-03 17:14:06 workflow.py [line:105] INFO: start fetch proxy: name=[sulinkpro-ul2no]	id=[1]	domain=[https://sulink.pro]
2025-01-03 17:14:07 workflow.py [line:138] INFO: finished fetch proxy: name=[1jJXhHbf]	id=[]	domain=[https://console.veseai.com]	count=[12]
2025-01-03 17:14:07 workflow.py [line:105] INFO: start fetch proxy: name=[arisakaio-5zny1]	id=[1]	domain=[https://arisaka.io]
2025-01-03 17:14:07 workflow.py [line:138] INFO: finished fetch proxy: name=[CTZxL8z2]	id=[]	domain=[https://hn1r5k7322.bitmusttw.com]	count=[4]
2025-01-03 17:14:07 airport.py [line:361] INFO: not exists free plan, domain: https://1.vyunyun.top
2025-01-03 17:14:07 airport.py [line:276] INFO: achieved max retry when register, domain: http://api.hpyjc.top
2025-01-03 17:14:07 workflow.py [line:105] INFO: start fetch proxy: name=[wwwmangsheorg-weulz]	id=[1]	domain=[https://www.mangshe.org]
2025-01-03 17:14:07 airport.py [line:276] INFO: achieved max retry when register, domain: http://hpyjc.top
2025-01-03 17:14:07 airport.py [line:276] INFO: achieved max retry when register, domain: https://b.yousu.cc
2025-01-03 17:14:07 airport.py [line:527] ERROR: [ParseError] cannot found any proxies because subscribe url is empty, domain: https://b.yousu.cc
2025-01-03 17:14:07 workflow.py [line:138] INFO: finished fetch proxy: name=[byousucc-3nm]	id=[]	domain=[https://b.yousu.cc]	count=[0]
2025-01-03 17:14:07 workflow.py [line:105] INFO: start fetch proxy: name=[dbshellnetnet-83qcm]	id=[1]	domain=[https://db.shellnet.net]
2025-01-03 17:14:07 airport.py [line:527] ERROR: [ParseError] cannot found any proxies because subscribe url is empty, domain: http://api.hpyjc.top
2025-01-03 17:14:07 workflow.py [line:138] INFO: finished fetch proxy: name=[apihpyjctop-sfa]	id=[]	domain=[http://api.hpyjc.top]	count=[0]
2025-01-03 17:14:07 workflow.py [line:105] INFO: start fetch proxy: name=[wwweyujichangcom-5ism]	id=[1]	domain=[https://www.eyujichang.com]
2025-01-03 17:14:07 airport.py [line:276] INFO: achieved max retry when register, domain: https://a.yousu.cc
2025-01-03 17:14:07 airport.py [line:276] INFO: achieved max retry when register, domain: https://c.yousu.cc
2025-01-03 17:14:07 airport.py [line:361] INFO: not exists free plan, domain: https://aikx.me
2025-01-03 17:14:07 airport.py [line:527] ERROR: [ParseError] cannot found any proxies because subscribe url is empty, domain: http://hpyjc.top
2025-01-03 17:14:07 airport.py [line:527] ERROR: [ParseError] cannot found any proxies because subscribe url is empty, domain: https://c.yousu.cc
2025-01-03 17:14:07 workflow.py [line:138] INFO: finished fetch proxy: name=[ru981Pw7]	id=[]	domain=[https://ch.owokkvsxks.store]	count=[63]
2025-01-03 17:14:07 workflow.py [line:138] INFO: finished fetch proxy: name=[Us4OgP3i]	id=[]	domain=[https://ch.cukug.website]	count=[63]
2025-01-03 17:14:07 airport.py [line:276] INFO: achieved max retry when register, domain: https://zhenshihui.shop
2025-01-03 17:14:07 workflow.py [line:138] INFO: finished fetch proxy: name=[3Wvm0VZA]	id=[]	domain=[https://ch.cukug.website]	count=[63]
2025-01-03 17:14:07 airport.py [line:276] INFO: achieved max retry when register, domain: https://zhenshihui.life
2025-01-03 17:14:07 airport.py [line:527] ERROR: [ParseError] cannot found any proxies because subscribe url is empty, domain: https://a.yousu.cc
2025-01-03 17:14:07 airport.py [line:364] INFO: found free plan, domain: https://sq9xy6.cpminig.com, plan: Plan(plan_id=25, package='onetime_price', renew=True, reset=False, trafficflow=1)
2025-01-03 17:14:07 airport.py [line:364] INFO: found free plan, domain: https://vpn.sudatech.store, plan: Plan(plan_id=25, package='onetime_price', renew=True, reset=False, trafficflow=1)
2025-01-03 17:14:07 workflow.py [line:138] INFO: finished fetch proxy: name=[hpyjctop-9ufj]	id=[]	domain=[http://hpyjc.top]	count=[0]
2025-01-03 17:14:07 workflow.py [line:105] INFO: start fetch proxy: name=[qingyunzybseuorg-ea1]	id=[1]	domain=[https://qingyun.zybs.eu.org]
2025-01-03 17:14:07 workflow.py [line:138] INFO: finished fetch proxy: name=[463LiSEt]	id=[]	domain=[https://ch.owokkvsxks.store]	count=[63]
2025-01-03 17:14:07 workflow.py [line:105] INFO: start fetch proxy: name=[jisovpnsite-kua7]	id=[1]	domain=[https://jisovpn.site]
2025-01-03 17:14:07 workflow.py [line:105] INFO: start fetch proxy: name=[niercloudcom-voci]	id=[1]	domain=[https://niercloud.com]
2025-01-03 17:14:07 workflow.py [line:138] INFO: finished fetch proxy: name=[gYpRtCBk]	id=[]	domain=[http://8.129.23.122]	count=[4]
2025-01-03 17:14:07 airport.py [line:361] INFO: not exists free plan, domain: https://w02.qytl2web01.cc
2025-01-03 17:14:07 airport.py [line:361] INFO: not exists free plan, domain: https://zzz.youxuan.wiki
2025-01-03 17:14:07 airport.py [line:527] ERROR: [ParseError] cannot found any proxies because subscribe url is empty, domain: https://zhenshihui.shop
2025-01-03 17:14:07 workflow.py [line:105] INFO: start fetch proxy: name=[fpacecloudcom-udo]	id=[1]	domain=[https://fpacecloud.com]
2025-01-03 17:14:07 workflow.py [line:138] INFO: finished fetch proxy: name=[f2rGh5JO]	id=[]	domain=[http://8.129.23.122]	count=[4]
2025-01-03 17:14:07 workflow.py [line:138] INFO: finished fetch proxy: name=[Qr042LDv]	id=[]	domain=[http://8.129.23.122]	count=[4]
2025-01-03 17:14:07 workflow.py [line:138] INFO: finished fetch proxy: name=[4ZqIvofT]	id=[]	domain=[https://ch.vfkum.website]	count=[63]
2025-01-03 17:14:07 workflow.py [line:105] INFO: start fetch proxy: name=[iii1catymoe-p0l]	id=[1]	domain=[https://iii1.caty.moe]
2025-01-03 17:14:07 workflow.py [line:138] INFO: finished fetch proxy: name=[ayousucc-kwr21]	id=[]	domain=[https://a.yousu.cc]	count=[0]
2025-01-03 17:14:07 airport.py [line:361] INFO: not exists free plan, domain: https://www.aaaspeed.cc
2025-01-03 17:14:07 workflow.py [line:138] INFO: finished fetch proxy: name=[cyousucc-jl04]	id=[]	domain=[https://c.yousu.cc]	count=[0]
2025-01-03 17:14:07 workflow.py [line:105] INFO: start fetch proxy: name=[xbjpopvip-jm26s]	id=[1]	domain=[https://xb.jpop.vip]
2025-01-03 17:14:07 airport.py [line:361] INFO: not exists free plan, domain: https://maple.icu
2025-01-03 17:14:07 workflow.py [line:138] INFO: finished fetch proxy: name=[oeAlqyjJ]	id=[]	domain=[http://8.129.23.122]	count=[4]
2025-01-03 17:14:07 workflow.py [line:138] INFO: finished fetch proxy: name=[dyp5BLiq]	id=[]	domain=[https://ch.owokkvsxks.store]	count=[63]
2025-01-03 17:14:07 airport.py [line:276] INFO: achieved max retry when register, domain: https://app.cloudlion.me
2025-01-03 17:14:07 workflow.py [line:105] INFO: start fetch proxy: name=[mycatfakacom-y1u5]	id=[1]	domain=[https://my.catfaka.com]
2025-01-03 17:14:07 airport.py [line:276] INFO: achieved max retry when register, domain: https://ddddd.site
2025-01-03 17:14:07 workflow.py [line:138] INFO: finished fetch proxy: name=[zhenshihuishop-hj0pb]	id=[]	domain=[https://zhenshihui.shop]	count=[0]
2025-01-03 17:14:07 workflow.py [line:138] INFO: finished fetch proxy: name=[CBMjUDmk]	id=[]	domain=[https://dy.hy2.one]	count=[35]
2025-01-03 17:14:07 workflow.py [line:105] INFO: start fetch proxy: name=[wwwxfxssrcom-12a]	id=[1]	domain=[https://www.xfxssr.com]
2025-01-03 17:14:07 airport.py [line:527] ERROR: [ParseError] cannot found any proxies because subscribe url is empty, domain: https://zhenshihui.life
2025-01-03 17:14:07 workflow.py [line:105] INFO: start fetch proxy: name=[wwwchaoyueshop-jwe8b]	id=[1]	domain=[https://www.chaoyue.shop]
2025-01-03 17:14:07 airport.py [line:361] INFO: not exists free plan, domain: https://abyssvpn.com
2025-01-03 17:14:07 workflow.py [line:105] INFO: start fetch proxy: name=[snanguacom-thbsw]	id=[1]	domain=[https://snangua.com]
2025-01-03 17:14:07 workflow.py [line:105] INFO: start fetch proxy: name=[gladosspace-cbz]	id=[1]	domain=[https://glados.space]
2025-01-03 17:14:07 workflow.py [line:105] INFO: start fetch proxy: name=[panelkeleofficialcom-uwin]	id=[1]	domain=[https://panel.keleofficial.com]
2025-01-03 17:14:07 workflow.py [line:105] INFO: start fetch proxy: name=[qytvipaffcc04qytvipaffpro-wu41e]	id=[1]	domain=[https://qytvipaffcc04.qytvipaff.pro]
2025-01-03 17:14:07 workflow.py [line:138] INFO: finished fetch proxy: name=[ikVQfpGn]	id=[]	domain=[https://hn1r5k7322.bitmusttw.com]	count=[4]
2025-01-03 17:14:07 workflow.py [line:105] INFO: start fetch proxy: name=[fengwopro-fu1xs]	id=[1]	domain=[https://fengwo.pro]
2025-01-03 17:14:07 workflow.py [line:105] INFO: start fetch proxy: name=[akpyunlive-j5ulq]	id=[1]	domain=[https://a.kpyun.live]
2025-01-03 17:14:07 airport.py [line:527] ERROR: [ParseError] cannot found any proxies because subscribe url is empty, domain: https://app.cloudlion.me
2025-01-03 17:14:07 workflow.py [line:138] INFO: finished fetch proxy: name=[appcloudlionme-hgnzl]	id=[]	domain=[https://app.cloudlion.me]	count=[0]
2025-01-03 17:14:07 workflow.py [line:105] INFO: start fetch proxy: name=[appcloudogme-7bp]	id=[1]	domain=[https://app.cloudog.me]
2025-01-03 17:14:07 airport.py [line:527] ERROR: [ParseError] cannot found any proxies because subscribe url is empty, domain: https://ddddd.site
2025-01-03 17:14:07 workflow.py [line:105] INFO: start fetch proxy: name=[themeservercutecloudonede-n1mts]	id=[1]	domain=[https://themeserver.cutecloudone.de]
2025-01-03 17:14:07 workflow.py [line:138] INFO: finished fetch proxy: name=[zhenshihuilife-8gt]	id=[]	domain=[https://zhenshihui.life]	count=[0]
2025-01-03 17:14:07 workflow.py [line:138] INFO: finished fetch proxy: name=[dddddsite-j3urz]	id=[]	domain=[https://ddddd.site]	count=[0]
2025-01-03 17:14:07 workflow.py [line:105] INFO: start fetch proxy: name=[便宜机场co-dfcys]	id=[1]	domain=[https://便宜机场.co]
2025-01-03 17:14:07 workflow.py [line:105] INFO: start fetch proxy: name=[语club-ry43a]	id=[1]	domain=[https://语.club]
2025-01-03 17:14:07 workflow.py [line:138] INFO: finished fetch proxy: name=[9RxY0hVq]	id=[]	domain=[https://sub.tiktijy.com]	count=[111]
2025-01-03 17:14:07 workflow.py [line:105] INFO: start fetch proxy: name=[www2345养老机场com-jvx]	id=[1]	domain=[https://www2345.养老机场.com]
2025-01-03 17:14:07 renewal.py [line:271] ERROR: [CheckError] URL: a.aik88.top
2025-01-03 17:14:08 airport.py [line:276] INFO: achieved max retry when register, domain: https://便宜机场.co
2025-01-03 17:14:08 airport.py [line:361] INFO: not exists free plan, domain: https://a.aik88.top
2025-01-03 17:14:08 airport.py [line:527] ERROR: [ParseError] cannot found any proxies because subscribe url is empty, domain: https://便宜机场.co
2025-01-03 17:14:08 workflow.py [line:138] INFO: finished fetch proxy: name=[svWieOJM]	id=[]	domain=[https://sub.tiktijy.com]	count=[111]
2025-01-03 17:14:08 workflow.py [line:138] INFO: finished fetch proxy: name=[便宜机场co-dfcys]	id=[]	domain=[https://便宜机场.co]	count=[0]
2025-01-03 17:14:08 workflow.py [line:105] INFO: start fetch proxy: name=[wwwkuaidog010top-7pof4]	id=[1]	domain=[https://www.kuaidog010.top]
2025-01-03 17:14:08 workflow.py [line:105] INFO: start fetch proxy: name=[wwwkuaidog006top-sbom0]	id=[1]	domain=[https://www.kuaidog006.top]
2025-01-03 17:14:08 workflow.py [line:138] INFO: finished fetch proxy: name=[xXcoq1UM]	id=[]	domain=[https://sub.tiktijy.com]	count=[111]
2025-01-03 17:14:08 workflow.py [line:105] INFO: start fetch proxy: name=[xn--wtq35pfyd55oco-pjsvu]	id=[1]	domain=[https://xn--wtq35pfyd55o.co]
2025-01-03 17:14:08 airport.py [line:276] INFO: achieved max retry when register, domain: https://语.club
2025-01-03 17:14:08 workflow.py [line:138] INFO: finished fetch proxy: name=[P6LA8qwE]	id=[]	domain=[http://8.129.23.122]	count=[4]
2025-01-03 17:14:08 airport.py [line:527] ERROR: [ParseError] cannot found any proxies because subscribe url is empty, domain: https://语.club
2025-01-03 17:14:08 workflow.py [line:138] INFO: finished fetch proxy: name=[语club-ry43a]	id=[]	domain=[https://语.club]	count=[0]
2025-01-03 17:14:08 workflow.py [line:105] INFO: start fetch proxy: name=[api114514nuwaarest-ybgh]	id=[1]	domain=[https://api114514.nuwaa.rest]
2025-01-03 17:14:08 workflow.py [line:105] INFO: start fetch proxy: name=[powerwannet-vou03]	id=[1]	domain=[https://powerwan.net]
2025-01-03 17:14:08 mailtm.py [line:474] ERROR: [MailTMError] failed to create temporary email, domain: https://api.mail.tm
2025-01-03 17:14:08 airport.py [line:471] ERROR: cannot create temporary email account, site: https://air.aptlive.org
2025-01-03 17:14:08 airport.py [line:527] ERROR: [ParseError] cannot found any proxies because subscribe url is empty, domain: https://air.aptlive.org
2025-01-03 17:14:08 workflow.py [line:138] INFO: finished fetch proxy: name=[airaptliveorg-2o7]	id=[]	domain=[https://air.aptlive.org]	count=[0]
2025-01-03 17:14:08 workflow.py [line:105] INFO: start fetch proxy: name=[ggiuwegivhe123a123bond-ing]	id=[1]	domain=[https://ggiuwegivhe123.a123.bond]
2025-01-03 17:14:08 airport.py [line:361] INFO: not exists free plan, domain: https://zqjc.org
2025-01-03 17:14:08 airport.py [line:276] INFO: achieved max retry when register, domain: https://a123.buzz
2025-01-03 17:14:08 airport.py [line:527] ERROR: [ParseError] cannot found any proxies because subscribe url is empty, domain: https://a123.buzz
2025-01-03 17:14:08 workflow.py [line:138] INFO: finished fetch proxy: name=[a123buzz-pbr9u]	id=[]	domain=[https://a123.buzz]	count=[0]
2025-01-03 17:14:08 workflow.py [line:105] INFO: start fetch proxy: name=[mogufancom-azh]	id=[1]	domain=[https://mogufan.com]
2025-01-03 17:14:08 airport.py [line:527] ERROR: [ParseError] cannot found any proxies because subscribe url is empty, domain: https://powerwan.net
2025-01-03 17:14:08 workflow.py [line:138] INFO: finished fetch proxy: name=[powerwannet-vou03]	id=[]	domain=[https://powerwan.net]	count=[0]
2025-01-03 17:14:08 workflow.py [line:105] INFO: start fetch proxy: name=[userstardadlol-hw1iu]	id=[1]	domain=[https://user.stardad.lol]
2025-01-03 17:14:08 airport.py [line:276] INFO: achieved max retry when register, domain: https://www2345.养老机场.com
2025-01-03 17:14:08 airport.py [line:527] ERROR: [ParseError] cannot found any proxies because subscribe url is empty, domain: https://www2345.养老机场.com
2025-01-03 17:14:08 workflow.py [line:138] INFO: finished fetch proxy: name=[www2345养老机场com-jvx]	id=[]	domain=[https://www2345.养老机场.com]	count=[0]
2025-01-03 17:14:08 workflow.py [line:105] INFO: start fetch proxy: name=[naisicloudxyz-x1d]	id=[1]	domain=[https://naisicloud.xyz]
2025-01-03 17:14:08 airport.py [line:276] INFO: achieved max retry when register, domain: https://snangua.com
2025-01-03 17:14:08 airport.py [line:527] ERROR: [ParseError] cannot found any proxies because subscribe url is empty, domain: https://snangua.com
2025-01-03 17:14:08 workflow.py [line:138] INFO: finished fetch proxy: name=[snanguacom-thbsw]	id=[]	domain=[https://snangua.com]	count=[0]
2025-01-03 17:14:08 airport.py [line:276] INFO: achieved max retry when register, domain: https://app.cloudog.me
2025-01-03 17:14:08 airport.py [line:527] ERROR: [ParseError] cannot found any proxies because subscribe url is empty, domain: https://app.cloudog.me
2025-01-03 17:14:08 workflow.py [line:138] INFO: finished fetch proxy: name=[appcloudogme-7bp]	id=[]	domain=[https://app.cloudog.me]	count=[0]
2025-01-03 17:14:08 airport.py [line:554] ERROR: [ParseError] cannot found any proxies, subscribe: https://a.aikllc.tech/api/v1/client/subscribe?token=1be***af2
2025-01-03 17:14:08 workflow.py [line:138] INFO: finished fetch proxy: name=[aikxme-xiy]	id=[9rnmGdSaH5N2uXwb@126.com]	domain=[https://aikx.me]	count=[0]
2025-01-03 17:14:08 airport.py [line:276] INFO: achieved max retry when register, domain: https://jisovpn.site
2025-01-03 17:14:08 airport.py [line:527] ERROR: [ParseError] cannot found any proxies because subscribe url is empty, domain: https://jisovpn.site
2025-01-03 17:14:08 workflow.py [line:138] INFO: finished fetch proxy: name=[jisovpnsite-kua7]	id=[]	domain=[https://jisovpn.site]	count=[0]
2025-01-03 17:14:08 airport.py [line:361] INFO: not exists free plan, domain: https://panel.moku.pro
2025-01-03 17:14:08 airport.py [line:276] INFO: achieved max retry when register, domain: https://www.xfxssr.com
2025-01-03 17:14:08 airport.py [line:527] ERROR: [ParseError] cannot found any proxies because subscribe url is empty, domain: https://www.xfxssr.com
2025-01-03 17:14:08 workflow.py [line:138] INFO: finished fetch proxy: name=[wwwxfxssrcom-12a]	id=[]	domain=[https://www.xfxssr.com]	count=[0]
2025-01-03 17:14:08 renewal.py [line:456] ERROR: fetch free plans error, cookies and authorization is empty, domain: https://glados.space
2025-01-03 17:14:08 airport.py [line:361] INFO: not exists free plan, domain: https://glados.space
2025-01-03 17:14:08 renewal.py [line:554] ERROR: query subscribe information error, cookies and authorization is empty, domain: https://glados.space
2025-01-03 17:14:08 airport.py [line:335] ERROR: [RegisterError] cannot get token when register, domain: https://glados.space
2025-01-03 17:14:08 airport.py [line:527] ERROR: [ParseError] cannot found any proxies because subscribe url is empty, domain: https://glados.space
2025-01-03 17:14:08 workflow.py [line:138] INFO: finished fetch proxy: name=[gladosspace-cbz]	id=[O1jQXE60RxmJYnd@126.com]	domain=[https://glados.space]	count=[0]
2025-01-03 17:14:08 airport.py [line:361] INFO: not exists free plan, domain: https://fengwo.pro
2025-01-03 17:14:08 airport.py [line:394] INFO: [RegisterSuccess] register successed, domain: https://vpn.sudatech.store
2025-01-03 17:14:08 airport.py [line:394] INFO: [RegisterSuccess] register successed, domain: https://sq9xy6.cpminig.com
2025-01-03 17:14:08 airport.py [line:554] ERROR: [ParseError] cannot found any proxies, subscribe: https://qxuig4.youxuan.wiki/api/v1/client/subscribe?token=be3***810
2025-01-03 17:14:08 workflow.py [line:138] INFO: finished fetch proxy: name=[zzzyouxuanwiki-kj25]	id=[AFYunkDoCf@foxmail.com]	domain=[https://zzz.youxuan.wiki]	count=[0]
2025-01-03 17:14:08 airport.py [line:361] INFO: not exists free plan, domain: https://www.mangshe.org
2025-01-03 17:14:08 airport.py [line:554] ERROR: [ParseError] cannot found any proxies, subscribe: https://www.aaaspeed.cc/api/v1/client/subscribe?token=56d***43d
2025-01-03 17:14:08 workflow.py [line:138] INFO: finished fetch proxy: name=[wwwaaaspeedcc-fkx9]	id=[XZn8mdaQhbiEWBA@gmail.com]	domain=[https://www.aaaspeed.cc]	count=[0]
2025-01-03 17:14:08 airport.py [line:276] INFO: achieved max retry when register, domain: https://xb.jpop.vip
2025-01-03 17:14:08 airport.py [line:527] ERROR: [ParseError] cannot found any proxies because subscribe url is empty, domain: https://xb.jpop.vip
2025-01-03 17:14:08 workflow.py [line:138] INFO: finished fetch proxy: name=[xbjpopvip-jm26s]	id=[]	domain=[https://xb.jpop.vip]	count=[0]
2025-01-03 17:14:08 airport.py [line:361] INFO: not exists free plan, domain: http://vyy.idsduf.com
2025-01-03 17:14:08 airport.py [line:361] INFO: not exists free plan, domain: https://naisicloud.xyz
2025-01-03 17:14:08 airport.py [line:554] ERROR: [ParseError] cannot found any proxies, subscribe: https://a.aikllc.tech/api/v1/client/subscribe?token=955***0f9
2025-01-03 17:14:08 workflow.py [line:138] INFO: finished fetch proxy: name=[aaik88top-26g]	id=[t4nlDYeSmEMH@163.com]	domain=[https://a.aik88.top]	count=[0]
2025-01-03 17:14:08 airport.py [line:361] INFO: not exists free plan, domain: https://zhuiyun.top
2025-01-03 17:14:08 airport.py [line:361] INFO: not exists free plan, domain: https://www.eyujichang.com
2025-01-03 17:14:08 airport.py [line:361] INFO: not exists free plan, domain: https://console.veseai.com
2025-01-03 17:14:08 airport.py [line:276] INFO: achieved max retry when register, domain: https://api114514.nuwaa.rest
2025-01-03 17:14:08 airport.py [line:527] ERROR: [ParseError] cannot found any proxies because subscribe url is empty, domain: https://api114514.nuwaa.rest
2025-01-03 17:14:08 workflow.py [line:138] INFO: finished fetch proxy: name=[api114514nuwaarest-ybgh]	id=[]	domain=[https://api114514.nuwaa.rest]	count=[0]
2025-01-03 17:14:08 airport.py [line:276] INFO: achieved max retry when register, domain: https://xx-ai.io
2025-01-03 17:14:08 airport.py [line:527] ERROR: [ParseError] cannot found any proxies because subscribe url is empty, domain: https://xx-ai.io
2025-01-03 17:14:08 workflow.py [line:138] INFO: finished fetch proxy: name=[xx-aiio-n7ct]	id=[]	domain=[https://xx-ai.io]	count=[0]
2025-01-03 17:14:08 airport.py [line:361] INFO: not exists free plan, domain: https://mogufan.com
2025-01-03 17:14:08 airport.py [line:276] INFO: achieved max retry when register, domain: https://www.chaoyue.shop
2025-01-03 17:14:08 airport.py [line:527] ERROR: [ParseError] cannot found any proxies because subscribe url is empty, domain: https://www.chaoyue.shop
2025-01-03 17:14:08 workflow.py [line:138] INFO: finished fetch proxy: name=[wwwchaoyueshop-jwe8b]	id=[]	domain=[https://www.chaoyue.shop]	count=[0]
2025-01-03 17:14:08 airport.py [line:554] ERROR: [ParseError] cannot found any proxies, subscribe: https://w02.qytl2web01.cc/api/v1/client/subscribe?token=870***53b
2025-01-03 17:14:08 workflow.py [line:138] INFO: finished fetch proxy: name=[w02qytl2web01cc-wrf5y]	id=[cbe5UCGgz@163.com]	domain=[https://w02.qytl2web01.cc]	count=[0]
2025-01-03 17:14:08 airport.py [line:361] INFO: not exists free plan, domain: https://hy-2.com
2025-01-03 17:14:09 airport.py [line:554] ERROR: [ParseError] cannot found any proxies, subscribe: https://dy.naisicloud.xyz/api/v1/client/subscribe?token=d6f***814
2025-01-03 17:14:09 workflow.py [line:138] INFO: finished fetch proxy: name=[naisicloudxyz-x1d]	id=[XDfacT0khv7@gmail.com]	domain=[https://naisicloud.xyz]	count=[0]
2025-01-03 17:14:09 airport.py [line:364] INFO: found free plan, domain: https://ch.louwangzhiyu.xyz, plan: Plan(plan_id=19, package='month_price', renew=True, reset=False, trafficflow=1000)
2025-01-03 17:14:09 airport.py [line:276] INFO: achieved max retry when register, domain: https://arisaka.io
2025-01-03 17:14:09 airport.py [line:527] ERROR: [ParseError] cannot found any proxies because subscribe url is empty, domain: https://arisaka.io
2025-01-03 17:14:09 workflow.py [line:138] INFO: finished fetch proxy: name=[arisakaio-5zny1]	id=[]	domain=[https://arisaka.io]	count=[0]
2025-01-03 17:14:09 airport.py [line:554] ERROR: [ParseError] cannot found any proxies, subscribe: https://sub.mogufan.com/api/v1/client/subscribe?token=a6f***3a2
2025-01-03 17:14:09 workflow.py [line:138] INFO: finished fetch proxy: name=[mogufancom-azh]	id=[a3Njk8RhUs06@gmail.com]	domain=[https://mogufan.com]	count=[0]
2025-01-03 17:14:09 airport.py [line:276] INFO: achieved max retry when register, domain: https://niercloud.com
2025-01-03 17:14:09 airport.py [line:527] ERROR: [ParseError] cannot found any proxies because subscribe url is empty, domain: https://niercloud.com
2025-01-03 17:14:09 workflow.py [line:138] INFO: finished fetch proxy: name=[niercloudcom-voci]	id=[]	domain=[https://niercloud.com]	count=[0]
2025-01-03 17:14:09 airport.py [line:276] INFO: achieved max retry when register, domain: https://fpacecloud.com
2025-01-03 17:14:09 airport.py [line:364] INFO: found free plan, domain: https://qingyun.zybs.eu.org, plan: Plan(plan_id=1, package='month_price', renew=True, reset=False, trafficflow=50)
2025-01-03 17:14:09 airport.py [line:527] ERROR: [ParseError] cannot found any proxies because subscribe url is empty, domain: https://fpacecloud.com
2025-01-03 17:14:09 workflow.py [line:138] INFO: finished fetch proxy: name=[fpacecloudcom-udo]	id=[]	domain=[https://fpacecloud.com]	count=[0]
2025-01-03 17:14:09 airport.py [line:361] INFO: not exists free plan, domain: https://sulink.pro
2025-01-03 17:14:09 airport.py [line:276] INFO: achieved max retry when register, domain: https://panel.keleofficial.com
2025-01-03 17:14:09 airport.py [line:527] ERROR: [ParseError] cannot found any proxies because subscribe url is empty, domain: https://panel.keleofficial.com
2025-01-03 17:14:09 workflow.py [line:138] INFO: finished fetch proxy: name=[panelkeleofficialcom-uwin]	id=[]	domain=[https://panel.keleofficial.com]	count=[0]
2025-01-03 17:14:09 airport.py [line:361] INFO: not exists free plan, domain: https://a.kpyun.live
2025-01-03 17:14:09 airport.py [line:276] INFO: achieved max retry when register, domain: https://pkq.xlm.plus
2025-01-03 17:14:09 airport.py [line:527] ERROR: [ParseError] cannot found any proxies because subscribe url is empty, domain: https://pkq.xlm.plus
2025-01-03 17:14:09 workflow.py [line:138] INFO: finished fetch proxy: name=[pkqxlmplus-4u5be]	id=[]	domain=[https://pkq.xlm.plus]	count=[0]
2025-01-03 17:14:09 airport.py [line:276] INFO: achieved max retry when register, domain: https://fdgdr0dg3.xbvpn.vip
2025-01-03 17:14:09 airport.py [line:527] ERROR: [ParseError] cannot found any proxies because subscribe url is empty, domain: https://fdgdr0dg3.xbvpn.vip
2025-01-03 17:14:09 workflow.py [line:138] INFO: finished fetch proxy: name=[fdgdr0dg3xbvpnvip-2lu8]	id=[]	domain=[https://fdgdr0dg3.xbvpn.vip]	count=[0]
2025-01-03 17:14:09 mailtm.py [line:474] ERROR: [MailTMError] failed to create temporary email, domain: https://api.mail.tm
2025-01-03 17:14:09 airport.py [line:471] ERROR: cannot create temporary email account, site: https://iii1.caty.moe
2025-01-03 17:14:09 airport.py [line:527] ERROR: [ParseError] cannot found any proxies because subscribe url is empty, domain: https://iii1.caty.moe
2025-01-03 17:14:09 workflow.py [line:138] INFO: finished fetch proxy: name=[iii1catymoe-p0l]	id=[]	domain=[https://iii1.caty.moe]	count=[0]
2025-01-03 17:14:09 workflow.py [line:138] INFO: finished fetch proxy: name=[vpnsudatechstore-omjuv]	id=[VoymLcIsn2H@126.com]	domain=[https://vpn.sudatech.store]	count=[4]
2025-01-03 17:14:09 airport.py [line:276] INFO: achieved max retry when register, domain: https://xn--wtq35pfyd55o.co
2025-01-03 17:14:09 airport.py [line:527] ERROR: [ParseError] cannot found any proxies because subscribe url is empty, domain: https://xn--wtq35pfyd55o.co
2025-01-03 17:14:09 workflow.py [line:138] INFO: finished fetch proxy: name=[xn--wtq35pfyd55oco-pjsvu]	id=[]	domain=[https://xn--wtq35pfyd55o.co]	count=[0]
2025-01-03 17:14:09 airport.py [line:554] ERROR: [ParseError] cannot found any proxies, subscribe: https://xn--mesz9ptugxg.com/api/v1/client/subscribe?token=f0c***bb0
2025-01-03 17:14:09 workflow.py [line:138] INFO: finished fetch proxy: name=[zqjcorg-wru]	id=[rVnzNt9akKcI2hqF@126.com]	domain=[https://zqjc.org]	count=[0]
2025-01-03 17:14:09 airport.py [line:364] INFO: found free plan, domain: https://www.kuaidog010.top, plan: Plan(plan_id=12, package='month_price', renew=True, reset=False, trafficflow=100)
2025-01-03 17:14:09 airport.py [line:276] INFO: achieved max retry when register, domain: https://ggiuwegivhe123.a123.bond
2025-01-03 17:14:09 airport.py [line:527] ERROR: [ParseError] cannot found any proxies because subscribe url is empty, domain: https://ggiuwegivhe123.a123.bond
2025-01-03 17:14:09 workflow.py [line:138] INFO: finished fetch proxy: name=[ggiuwegivhe123a123bond-ing]	id=[]	domain=[https://ggiuwegivhe123.a123.bond]	count=[0]
2025-01-03 17:14:09 airport.py [line:276] INFO: achieved max retry when register, domain: https://www.hj521.top
2025-01-03 17:14:09 airport.py [line:527] ERROR: [ParseError] cannot found any proxies because subscribe url is empty, domain: https://www.hj521.top
2025-01-03 17:14:09 workflow.py [line:138] INFO: finished fetch proxy: name=[wwwhj521top-ga6n5]	id=[]	domain=[https://www.hj521.top]	count=[0]
2025-01-03 17:14:09 airport.py [line:364] INFO: found free plan, domain: https://www.kuaidog006.top, plan: Plan(plan_id=12, package='month_price', renew=True, reset=False, trafficflow=100)
2025-01-03 17:14:09 airport.py [line:554] ERROR: [ParseError] cannot found any proxies, subscribe: https://mylink.moku.pro/api/v1/client/subscribe?token=98a***c70
2025-01-03 17:14:09 workflow.py [line:138] INFO: finished fetch proxy: name=[panelmokupro-lywm]	id=[N5m7ZajEk@qq.com]	domain=[https://panel.moku.pro]	count=[0]
2025-01-03 17:14:09 airport.py [line:554] ERROR: [ParseError] cannot found any proxies, subscribe: https://135841.xyz/api/v1/client/subscribe?token=18d***318
2025-01-03 17:14:09 workflow.py [line:138] INFO: finished fetch proxy: name=[mapleicu-zxgl]	id=[ci2W3tkADbxqK@sina.com]	domain=[https://maple.icu]	count=[0]
2025-01-03 17:14:09 airport.py [line:276] INFO: achieved max retry when register, domain: https://www.hj522.top
2025-01-03 17:14:09 airport.py [line:527] ERROR: [ParseError] cannot found any proxies because subscribe url is empty, domain: https://www.hj522.top
2025-01-03 17:14:09 workflow.py [line:138] INFO: finished fetch proxy: name=[wwwhj522top-p1ljg]	id=[]	domain=[https://www.hj522.top]	count=[0]
2025-01-03 17:14:09 airport.py [line:554] ERROR: [ParseError] cannot found any proxies, subscribe: https://ms9586.mangshe.one/api/v1/client/subscribe?token=2fe***3ea
2025-01-03 17:14:09 workflow.py [line:138] INFO: finished fetch proxy: name=[wwwmangsheorg-weulz]	id=[gTEpARx4yiZhz@qq.com]	domain=[https://www.mangshe.org]	count=[0]
2025-01-03 17:14:09 airport.py [line:276] INFO: achieved max retry when register, domain: https://b.xiaow.cc
2025-01-03 17:14:09 airport.py [line:527] ERROR: [ParseError] cannot found any proxies because subscribe url is empty, domain: https://b.xiaow.cc
2025-01-03 17:14:10 workflow.py [line:138] INFO: finished fetch proxy: name=[bxiaowcc-zd29]	id=[]	domain=[https://b.xiaow.cc]	count=[0]
2025-01-03 17:14:10 airport.py [line:554] ERROR: [ParseError] cannot found any proxies, subscribe: https://s4.8878.tech/api/v1/client/subscribe?token=d51***768
2025-01-03 17:14:10 workflow.py [line:138] INFO: finished fetch proxy: name=[akpyunlive-j5ulq]	id=[a8TMc4i0J@163.com]	domain=[https://a.kpyun.live]	count=[0]
2025-01-03 17:14:10 airport.py [line:364] INFO: found free plan, domain: https://user.stardad.lol, plan: Plan(plan_id=3, package='month_price', renew=True, reset=False, trafficflow=100)
2025-01-03 17:14:10 airport.py [line:361] INFO: not exists free plan, domain: https://dgg.idsduf.com
2025-01-03 17:14:10 airport.py [line:276] INFO: achieved max retry when register, domain: https://themeserver.cutecloudone.de
2025-01-03 17:14:10 airport.py [line:527] ERROR: [ParseError] cannot found any proxies because subscribe url is empty, domain: https://themeserver.cutecloudone.de
2025-01-03 17:14:10 workflow.py [line:138] INFO: finished fetch proxy: name=[themeservercutecloudonede-n1mts]	id=[]	domain=[https://themeserver.cutecloudone.de]	count=[0]
2025-01-03 17:14:10 airport.py [line:361] INFO: not exists free plan, domain: https://qytvipaffcc04.qytvipaff.pro
2025-01-03 17:14:10 airport.py [line:554] ERROR: [ParseError] cannot found any proxies, subscribe: http://vyysub.euquw.cn/api/v1/client/subscribe?token=d19***661
2025-01-03 17:14:10 workflow.py [line:138] INFO: finished fetch proxy: name=[1vyunyuntop-7e1yz]	id=[SQcDw4Wm0R6O@163.com]	domain=[https://1.vyunyun.top]	count=[0]
2025-01-03 17:14:10 airport.py [line:554] ERROR: [ParseError] cannot found any proxies, subscribe: https://fengwosub.vfbhg.cn/api/v1/client/subscribe?token=d92***1a2
2025-01-03 17:14:10 workflow.py [line:138] INFO: finished fetch proxy: name=[fengwopro-fu1xs]	id=[yiF6b2wjgKzTSMEv@yahoo.com]	domain=[https://fengwo.pro]	count=[0]
2025-01-03 17:14:10 airport.py [line:554] ERROR: [ParseError] cannot found any proxies, subscribe: http://vyysub.euquw.cn/api/v1/client/subscribe?token=a86***a86
2025-01-03 17:14:10 workflow.py [line:138] INFO: finished fetch proxy: name=[vyyidsdufcom-34cy]	id=[N9bYFMka@163.com]	domain=[http://vyy.idsduf.com]	count=[0]
2025-01-03 17:14:10 workflow.py [line:138] INFO: finished fetch proxy: name=[sq9xy6cpminigcom-6oz]	id=[yfq851G7@qq.com]	domain=[https://sq9xy6.cpminig.com]	count=[4]
2025-01-03 17:14:10 airport.py [line:394] INFO: [RegisterSuccess] register successed, domain: https://qingyun.zybs.eu.org
2025-01-03 17:14:10 airport.py [line:554] ERROR: [ParseError] cannot found any proxies, subscribe: https://user9747.eyudy.one/api/v1/client/subscribe?token=b58***9c6
2025-01-03 17:14:10 workflow.py [line:138] INFO: finished fetch proxy: name=[wwweyujichangcom-5ism]	id=[dig8q9cI@163.com]	domain=[https://www.eyujichang.com]	count=[0]
2025-01-03 17:14:10 airport.py [line:361] INFO: not exists free plan, domain: https://my.catfaka.com
2025-01-03 17:14:11 airport.py [line:276] INFO: achieved max retry when register, domain: http://qingyunti.cc
2025-01-03 17:14:11 airport.py [line:527] ERROR: [ParseError] cannot found any proxies because subscribe url is empty, domain: http://qingyunti.cc
2025-01-03 17:14:11 workflow.py [line:138] INFO: finished fetch proxy: name=[qingyunticc-qzro1]	id=[]	domain=[http://qingyunti.cc]	count=[0]
2025-01-03 17:14:11 workflow.py [line:138] INFO: finished fetch proxy: name=[hy-2com-4hdmx]	id=[gk3OY6CDE9@qq.com]	domain=[https://hy-2.com]	count=[35]
2025-01-03 17:14:11 workflow.py [line:138] INFO: finished fetch proxy: name=[abyssvpncom-uzxw]	id=[NosEFwVlCnbu@126.com]	domain=[https://abyssvpn.com]	count=[111]
2025-01-03 17:14:11 airport.py [line:554] ERROR: [ParseError] cannot found any proxies, subscribe: https://qingyun.xn--kiv657b9vdeu1a.com/api/v1/client/subscribe?token=6a0***2d6
2025-01-03 17:14:11 workflow.py [line:138] INFO: finished fetch proxy: name=[qingyunzybseuorg-ea1]	id=[vNSx45Qdnwb7p6@yahoo.com]	domain=[https://qingyun.zybs.eu.org]	count=[0]
2025-01-03 17:14:11 airport.py [line:394] INFO: [RegisterSuccess] register successed, domain: https://www.kuaidog010.top
2025-01-03 17:14:11 workflow.py [line:138] INFO: finished fetch proxy: name=[sulinkpro-ul2no]	id=[nB5HXS2q@qq.com]	domain=[https://sulink.pro]	count=[28]
2025-01-03 17:14:11 airport.py [line:394] INFO: [RegisterSuccess] register successed, domain: https://user.stardad.lol
2025-01-03 17:14:11 airport.py [line:276] INFO: achieved max retry when register, domain: https://zouma.guanhua.xyz
2025-01-03 17:14:11 airport.py [line:527] ERROR: [ParseError] cannot found any proxies because subscribe url is empty, domain: https://zouma.guanhua.xyz
2025-01-03 17:14:11 workflow.py [line:138] INFO: finished fetch proxy: name=[zoumaguanhuaxyz-8qfig]	id=[]	domain=[https://zouma.guanhua.xyz]	count=[0]
2025-01-03 17:14:11 airport.py [line:276] INFO: achieved max retry when register, domain: https://xmfwww.cc
2025-01-03 17:14:11 airport.py [line:527] ERROR: [ParseError] cannot found any proxies because subscribe url is empty, domain: https://xmfwww.cc
2025-01-03 17:14:11 workflow.py [line:138] INFO: finished fetch proxy: name=[xmfwwwcc-50m]	id=[]	domain=[https://xmfwww.cc]	count=[0]
2025-01-03 17:14:11 airport.py [line:394] INFO: [RegisterSuccess] register successed, domain: https://www.kuaidog006.top
2025-01-03 17:14:11 workflow.py [line:138] INFO: finished fetch proxy: name=[consoleveseaicom-n63s]	id=[sGhtfWRulATg8@qq.com]	domain=[https://console.veseai.com]	count=[12]
2025-01-03 17:14:12 airport.py [line:554] ERROR: [ParseError] cannot found any proxies, subscribe: https://qytvipaffcc04.qytvipaff.pro/api/v1/client/subscribe?token=4c4***0ce
2025-01-03 17:14:12 workflow.py [line:138] INFO: finished fetch proxy: name=[qytvipaffcc04qytvipaffpro-wu41e]	id=[Zx47vsKVGJM@hotmail.com]	domain=[https://qytvipaffcc04.qytvipaff.pro]	count=[0]
2025-01-03 17:14:12 airport.py [line:554] ERROR: [ParseError] cannot found any proxies, subscribe: https://www.kuaidog010.top/api/v1/client/subscribe?token=931***5db
2025-01-03 17:14:12 workflow.py [line:138] INFO: finished fetch proxy: name=[wwwkuaidog010top-7pof4]	id=[ATHPxMnuBo9JEb2@yeah.net]	domain=[https://www.kuaidog010.top]	count=[0]
2025-01-03 17:14:12 airport.py [line:554] ERROR: [ParseError] cannot found any proxies, subscribe: https://sbsqwzfgh.santoku.cn/api/v1/client/subscribe?token=468***a73
2025-01-03 17:14:12 workflow.py [line:138] INFO: finished fetch proxy: name=[zhuiyuntop-n1z]	id=[1AIwdGlrDJo@126.com]	domain=[https://zhuiyun.top]	count=[0]
2025-01-03 17:14:12 workflow.py [line:138] INFO: finished fetch proxy: name=[userstardadlol-hw1iu]	id=[krCdtfgDFZ6sHT@126.com]	domain=[https://user.stardad.lol]	count=[8]
2025-01-03 17:14:12 airport.py [line:394] INFO: [RegisterSuccess] register successed, domain: https://ch.louwangzhiyu.xyz
2025-01-03 17:14:12 airport.py [line:554] ERROR: [ParseError] cannot found any proxies, subscribe: https://www.kuaidog010.top/api/v1/client/subscribe?token=680***1ab
2025-01-03 17:14:12 workflow.py [line:138] INFO: finished fetch proxy: name=[wwwkuaidog006top-sbom0]	id=[XJ6gA9h58oTu2@163.com]	domain=[https://www.kuaidog006.top]	count=[0]
2025-01-03 17:14:12 airport.py [line:554] ERROR: [ParseError] cannot found any proxies, subscribe: https://my.catfaka.com/api/v1/client/subscribe?token=724***fe3
2025-01-03 17:14:12 workflow.py [line:138] INFO: finished fetch proxy: name=[mycatfakacom-y1u5]	id=[FHhq4JbLKXf@yahoo.com]	domain=[https://my.catfaka.com]	count=[0]
2025-01-03 17:14:12 airport.py [line:554] ERROR: [ParseError] cannot found any proxies, subscribe: http://ddg.zhunchuanpb.com/api/v1/client/subscribe?token=6d0***000
2025-01-03 17:14:12 workflow.py [line:138] INFO: finished fetch proxy: name=[dggidsdufcom-0qu]	id=[Lliu7VAGxv@yahoo.com]	domain=[https://dgg.idsduf.com]	count=[0]
2025-01-03 17:14:14 workflow.py [line:138] INFO: finished fetch proxy: name=[chlouwangzhiyuxyz-ut7]	id=[uNpH9gfC@gmail.com]	domain=[https://ch.louwangzhiyu.xyz]	count=[63]
2025-01-03 17:14:14 airport.py [line:361] INFO: not exists free plan, domain: https://www.susucloud.net
2025-01-03 17:14:15 airport.py [line:554] ERROR: [ParseError] cannot found any proxies, subscribe: https://www.susucloud.info/api/v1/client/subscribe?token=227***bf9
2025-01-03 17:14:15 workflow.py [line:138] INFO: finished fetch proxy: name=[wwwsusucloudnet-3e4h9]	id=[flg7rmbd@freesourcecodes.com]	domain=[https://www.susucloud.net]	count=[0]
2025-01-03 17:14:17 airport.py [line:276] INFO: achieved max retry when register, domain: https://www.smcow.com
2025-01-03 17:14:17 airport.py [line:527] ERROR: [ParseError] cannot found any proxies because subscribe url is empty, domain: https://www.smcow.com
2025-01-03 17:14:17 workflow.py [line:138] INFO: finished fetch proxy: name=[wwwsmcowcom-utr]	id=[]	domain=[https://www.smcow.com]	count=[0]
2025-01-03 17:16:07 airport.py [line:488] ERROR: receiving mail timeout, site: https://zxc.noseisei.com, address: https://www.moakt.com/zh, email: vjcgan@moakt.cc
2025-01-03 17:16:07 airport.py [line:527] ERROR: [ParseError] cannot found any proxies because subscribe url is empty, domain: https://zxc.noseisei.com
2025-01-03 17:16:07 workflow.py [line:138] INFO: finished fetch proxy: name=[zxcnoseiseicom-sz5]	id=[]	domain=[https://zxc.noseisei.com]	count=[0]
2025-01-03 17:16:07 airport.py [line:527] ERROR: [ParseError] cannot found any proxies because subscribe url is empty, domain: https://abc.noseisei.com
2025-01-03 17:16:07 workflow.py [line:138] INFO: finished fetch proxy: name=[abcnoseiseicom-b9i]	id=[]	domain=[https://abc.noseisei.com]	count=[0]
2025-01-03 17:16:08 airport.py [line:527] ERROR: [ParseError] cannot found any proxies because subscribe url is empty, domain: https://superbiu.com
2025-01-03 17:16:08 workflow.py [line:138] INFO: finished fetch proxy: name=[superbiucom-e61]	id=[]	domain=[https://superbiu.com]	count=[0]
2025-01-03 17:16:08 airport.py [line:527] ERROR: [ParseError] cannot found any proxies because subscribe url is empty, domain: https://xyz.noseisei.com
2025-01-03 17:16:08 workflow.py [line:138] INFO: finished fetch proxy: name=[xyznoseiseicom-ukms]	id=[]	domain=[https://xyz.noseisei.com]	count=[0]
2025-01-03 17:16:09 airport.py [line:527] ERROR: [ParseError] cannot found any proxies because subscribe url is empty, domain: http://1run.vip
2025-01-03 17:16:09 workflow.py [line:138] INFO: finished fetch proxy: name=[1runvip-on76g]	id=[]	domain=[http://1run.vip]	count=[0]
2025-01-03 17:16:09 airport.py [line:527] ERROR: [ParseError] cannot found any proxies because subscribe url is empty, domain: https://db.shellnet.net
2025-01-03 17:16:09 workflow.py [line:138] INFO: finished fetch proxy: name=[dbshellnetnet-83qcm]	id=[]	domain=[https://db.shellnet.net]	count=[0]
2025-01-03 17:16:09 utils.py [line:557] INFO: [Concurrent] multi-threaded execute [executewrapper] finished, count: 129, cost: 124.24s
2025-01-03 17:16:10 collect.py [line:365] INFO: found 1178 proxies, save it to ['/home/runner/work/getAirport/getAirport/data/v2ray.txt']
