2024-12-30 17:45:21 collect.py [line:209] ERROR: cannot extract username and gist id due to invalid github gist link
2024-12-30 17:45:21 collect.py [line:71] INFO: start checking whether existing subscriptions have expired
2024-12-30 17:45:21 collect.py [line:113] INFO: load exists subscription finished, count: 0
2024-12-30 17:45:21 crawl.py [line:1430] INFO: [TelegramCrawl] starting crawl from telegram, channel: jichang_list, pages: 198
2024-12-30 17:45:21 crawl.py [line:1390] INFO: [AirPortCrawl] start collect airport, url: https://t.me/s/jichang_list?before=3940
2024-12-30 17:45:21 crawl.py [line:1390] INFO: [AirPortCrawl] start collect airport, url: https://t.me/s/jichang_list?before=3920
2024-12-30 17:45:21 crawl.py [line:1390] INFO: [AirPortCrawl] start collect airport, url: https://t.me/s/jichang_list?before=3900
2024-12-30 17:45:21 crawl.py [line:1390] INFO: [AirPortCrawl] start collect airport, url: https://t.me/s/jichang_list?before=3880
2024-12-30 17:45:21 crawl.py [line:1390] INFO: [AirPortCrawl] start collect airport, url: https://t.me/s/jichang_list?before=3860
2024-12-30 17:45:21 crawl.py [line:1390] INFO: [AirPortCrawl] start collect airport, url: https://t.me/s/jichang_list?before=3840
2024-12-30 17:45:21 crawl.py [line:1390] INFO: [AirPortCrawl] start collect airport, url: https://t.me/s/jichang_list?before=3820
2024-12-30 17:45:21 crawl.py [line:1390] INFO: [AirPortCrawl] start collect airport, url: https://t.me/s/jichang_list?before=3800
2024-12-30 17:45:22 crawl.py [line:1390] INFO: [AirPortCrawl] start collect airport, url: https://t.me/s/jichang_list?before=3780
2024-12-30 17:45:22 crawl.py [line:1390] INFO: [AirPortCrawl] start collect airport, url: https://t.me/s/jichang_list?before=3760
2024-12-30 17:45:22 crawl.py [line:1390] INFO: [AirPortCrawl] start collect airport, url: https://t.me/s/jichang_list?before=3740
2024-12-30 17:45:22 crawl.py [line:1390] INFO: [AirPortCrawl] start collect airport, url: https://t.me/s/jichang_list?before=3720
2024-12-30 17:45:22 crawl.py [line:1390] INFO: [AirPortCrawl] start collect airport, url: https://t.me/s/jichang_list?before=3700
2024-12-30 17:45:22 crawl.py [line:1390] INFO: [AirPortCrawl] start collect airport, url: https://t.me/s/jichang_list?before=3680
2024-12-30 17:45:22 crawl.py [line:1390] INFO: [AirPortCrawl] start collect airport, url: https://t.me/s/jichang_list?before=3660
2024-12-30 17:45:22 crawl.py [line:1390] INFO: [AirPortCrawl] start collect airport, url: https://t.me/s/jichang_list?before=3640
2024-12-30 17:45:22 crawl.py [line:1390] INFO: [AirPortCrawl] start collect airport, url: https://t.me/s/jichang_list?before=3620
2024-12-30 17:45:22 crawl.py [line:1390] INFO: [AirPortCrawl] start collect airport, url: https://t.me/s/jichang_list?before=3600
2024-12-30 17:45:22 crawl.py [line:1390] INFO: [AirPortCrawl] start collect airport, url: https://t.me/s/jichang_list?before=3580
2024-12-30 17:45:22 crawl.py [line:1390] INFO: [AirPortCrawl] start collect airport, url: https://t.me/s/jichang_list?before=3560
2024-12-30 17:45:22 crawl.py [line:1390] INFO: [AirPortCrawl] start collect airport, url: https://t.me/s/jichang_list?before=3540
2024-12-30 17:45:22 crawl.py [line:1390] INFO: [AirPortCrawl] start collect airport, url: https://t.me/s/jichang_list?before=3520
2024-12-30 17:45:22 crawl.py [line:1390] INFO: [AirPortCrawl] start collect airport, url: https://t.me/s/jichang_list?before=3500
2024-12-30 17:45:22 crawl.py [line:1390] INFO: [AirPortCrawl] start collect airport, url: https://t.me/s/jichang_list?before=3480
2024-12-30 17:45:23 crawl.py [line:1390] INFO: [AirPortCrawl] start collect airport, url: https://t.me/s/jichang_list?before=3460
2024-12-30 17:45:23 crawl.py [line:1390] INFO: [AirPortCrawl] start collect airport, url: https://t.me/s/jichang_list?before=3440
2024-12-30 17:45:23 crawl.py [line:1390] INFO: [AirPortCrawl] start collect airport, url: https://t.me/s/jichang_list?before=3420
2024-12-30 17:45:23 crawl.py [line:1390] INFO: [AirPortCrawl] start collect airport, url: https://t.me/s/jichang_list?before=3400
2024-12-30 17:45:23 crawl.py [line:1390] INFO: [AirPortCrawl] start collect airport, url: https://t.me/s/jichang_list?before=3380
2024-12-30 17:45:23 crawl.py [line:1390] INFO: [AirPortCrawl] start collect airport, url: https://t.me/s/jichang_list?before=3360
2024-12-30 17:45:23 crawl.py [line:1390] INFO: [AirPortCrawl] start collect airport, url: https://t.me/s/jichang_list?before=3340
2024-12-30 17:45:23 crawl.py [line:1390] INFO: [AirPortCrawl] start collect airport, url: https://t.me/s/jichang_list?before=3320
2024-12-30 17:45:23 crawl.py [line:1390] INFO: [AirPortCrawl] start collect airport, url: https://t.me/s/jichang_list?before=3300
2024-12-30 17:45:23 crawl.py [line:1390] INFO: [AirPortCrawl] start collect airport, url: https://t.me/s/jichang_list?before=3280
2024-12-30 17:45:23 crawl.py [line:1390] INFO: [AirPortCrawl] start collect airport, url: https://t.me/s/jichang_list?before=3260
2024-12-30 17:45:23 crawl.py [line:1390] INFO: [AirPortCrawl] start collect airport, url: https://t.me/s/jichang_list?before=3240
2024-12-30 17:45:23 crawl.py [line:1390] INFO: [AirPortCrawl] start collect airport, url: https://t.me/s/jichang_list?before=3220
2024-12-30 17:45:23 crawl.py [line:1390] INFO: [AirPortCrawl] start collect airport, url: https://t.me/s/jichang_list?before=3200
2024-12-30 17:45:23 crawl.py [line:1390] INFO: [AirPortCrawl] start collect airport, url: https://t.me/s/jichang_list?before=3180
2024-12-30 17:45:24 crawl.py [line:1390] INFO: [AirPortCrawl] start collect airport, url: https://t.me/s/jichang_list?before=3160
2024-12-30 17:45:24 crawl.py [line:1390] INFO: [AirPortCrawl] start collect airport, url: https://t.me/s/jichang_list?before=3140
2024-12-30 17:45:24 crawl.py [line:1390] INFO: [AirPortCrawl] start collect airport, url: https://t.me/s/jichang_list?before=3120
2024-12-30 17:45:24 crawl.py [line:1390] INFO: [AirPortCrawl] start collect airport, url: https://t.me/s/jichang_list?before=3100
2024-12-30 17:45:24 crawl.py [line:1390] INFO: [AirPortCrawl] start collect airport, url: https://t.me/s/jichang_list?before=3080
2024-12-30 17:45:24 crawl.py [line:1390] INFO: [AirPortCrawl] start collect airport, url: https://t.me/s/jichang_list?before=3060
2024-12-30 17:45:24 crawl.py [line:1390] INFO: [AirPortCrawl] start collect airport, url: https://t.me/s/jichang_list?before=3040
2024-12-30 17:45:24 crawl.py [line:1390] INFO: [AirPortCrawl] start collect airport, url: https://t.me/s/jichang_list?before=3020
2024-12-30 17:45:24 crawl.py [line:1390] INFO: [AirPortCrawl] start collect airport, url: https://t.me/s/jichang_list?before=3000
2024-12-30 17:45:24 crawl.py [line:1390] INFO: [AirPortCrawl] start collect airport, url: https://t.me/s/jichang_list?before=2980
2024-12-30 17:45:24 crawl.py [line:1390] INFO: [AirPortCrawl] start collect airport, url: https://t.me/s/jichang_list?before=2960
2024-12-30 17:45:24 crawl.py [line:1390] INFO: [AirPortCrawl] start collect airport, url: https://t.me/s/jichang_list?before=2940
2024-12-30 17:45:24 crawl.py [line:1390] INFO: [AirPortCrawl] start collect airport, url: https://t.me/s/jichang_list?before=2920
2024-12-30 17:45:24 crawl.py [line:1390] INFO: [AirPortCrawl] start collect airport, url: https://t.me/s/jichang_list?before=2900
2024-12-30 17:45:24 crawl.py [line:1390] INFO: [AirPortCrawl] start collect airport, url: https://t.me/s/jichang_list?before=2880
2024-12-30 17:45:25 crawl.py [line:1390] INFO: [AirPortCrawl] start collect airport, url: https://t.me/s/jichang_list?before=2860
2024-12-30 17:45:25 crawl.py [line:1390] INFO: [AirPortCrawl] start collect airport, url: https://t.me/s/jichang_list?before=2840
2024-12-30 17:45:25 crawl.py [line:1390] INFO: [AirPortCrawl] start collect airport, url: https://t.me/s/jichang_list?before=2820
2024-12-30 17:45:25 crawl.py [line:1390] INFO: [AirPortCrawl] start collect airport, url: https://t.me/s/jichang_list?before=2800
2024-12-30 17:45:25 crawl.py [line:1390] INFO: [AirPortCrawl] start collect airport, url: https://t.me/s/jichang_list?before=2780
2024-12-30 17:45:25 crawl.py [line:1390] INFO: [AirPortCrawl] start collect airport, url: https://t.me/s/jichang_list?before=2760
2024-12-30 17:45:25 crawl.py [line:1390] INFO: [AirPortCrawl] start collect airport, url: https://t.me/s/jichang_list?before=2740
2024-12-30 17:45:25 crawl.py [line:1390] INFO: [AirPortCrawl] start collect airport, url: https://t.me/s/jichang_list?before=2720
2024-12-30 17:45:25 crawl.py [line:1390] INFO: [AirPortCrawl] start collect airport, url: https://t.me/s/jichang_list?before=2700
2024-12-30 17:45:25 crawl.py [line:1390] INFO: [AirPortCrawl] start collect airport, url: https://t.me/s/jichang_list?before=2680
2024-12-30 17:45:25 crawl.py [line:1390] INFO: [AirPortCrawl] start collect airport, url: https://t.me/s/jichang_list?before=2660
2024-12-30 17:45:25 crawl.py [line:1390] INFO: [AirPortCrawl] start collect airport, url: https://t.me/s/jichang_list?before=2640
2024-12-30 17:45:25 crawl.py [line:1390] INFO: [AirPortCrawl] start collect airport, url: https://t.me/s/jichang_list?before=2620
2024-12-30 17:45:25 crawl.py [line:1390] INFO: [AirPortCrawl] start collect airport, url: https://t.me/s/jichang_list?before=2600
2024-12-30 17:45:25 crawl.py [line:1390] INFO: [AirPortCrawl] start collect airport, url: https://t.me/s/jichang_list?before=2580
2024-12-30 17:45:25 crawl.py [line:1390] INFO: [AirPortCrawl] start collect airport, url: https://t.me/s/jichang_list?before=2560
2024-12-30 17:45:26 crawl.py [line:1390] INFO: [AirPortCrawl] start collect airport, url: https://t.me/s/jichang_list?before=2540
2024-12-30 17:45:26 crawl.py [line:1390] INFO: [AirPortCrawl] start collect airport, url: https://t.me/s/jichang_list?before=2520
2024-12-30 17:45:26 crawl.py [line:1390] INFO: [AirPortCrawl] start collect airport, url: https://t.me/s/jichang_list?before=2500
2024-12-30 17:45:26 crawl.py [line:1390] INFO: [AirPortCrawl] start collect airport, url: https://t.me/s/jichang_list?before=2480
2024-12-30 17:45:26 crawl.py [line:1390] INFO: [AirPortCrawl] start collect airport, url: https://t.me/s/jichang_list?before=2460
2024-12-30 17:45:26 crawl.py [line:1390] INFO: [AirPortCrawl] start collect airport, url: https://t.me/s/jichang_list?before=2440
2024-12-30 17:45:26 crawl.py [line:1390] INFO: [AirPortCrawl] start collect airport, url: https://t.me/s/jichang_list?before=2420
2024-12-30 17:45:26 crawl.py [line:1390] INFO: [AirPortCrawl] start collect airport, url: https://t.me/s/jichang_list?before=2400
2024-12-30 17:45:26 crawl.py [line:1390] INFO: [AirPortCrawl] start collect airport, url: https://t.me/s/jichang_list?before=2380
2024-12-30 17:45:26 crawl.py [line:1390] INFO: [AirPortCrawl] start collect airport, url: https://t.me/s/jichang_list?before=2360
2024-12-30 17:45:26 crawl.py [line:1390] INFO: [AirPortCrawl] start collect airport, url: https://t.me/s/jichang_list?before=2340
2024-12-30 17:45:26 crawl.py [line:1390] INFO: [AirPortCrawl] start collect airport, url: https://t.me/s/jichang_list?before=2320
2024-12-30 17:45:26 crawl.py [line:1390] INFO: [AirPortCrawl] start collect airport, url: https://t.me/s/jichang_list?before=2300
2024-12-30 17:45:26 crawl.py [line:1390] INFO: [AirPortCrawl] start collect airport, url: https://t.me/s/jichang_list?before=2280
2024-12-30 17:45:26 crawl.py [line:1390] INFO: [AirPortCrawl] start collect airport, url: https://t.me/s/jichang_list?before=2260
2024-12-30 17:45:26 crawl.py [line:1390] INFO: [AirPortCrawl] start collect airport, url: https://t.me/s/jichang_list?before=2240
2024-12-30 17:45:27 crawl.py [line:1390] INFO: [AirPortCrawl] start collect airport, url: https://t.me/s/jichang_list?before=2220
2024-12-30 17:45:27 crawl.py [line:1390] INFO: [AirPortCrawl] start collect airport, url: https://t.me/s/jichang_list?before=2200
2024-12-30 17:45:27 crawl.py [line:1390] INFO: [AirPortCrawl] start collect airport, url: https://t.me/s/jichang_list?before=2180
2024-12-30 17:45:27 crawl.py [line:1390] INFO: [AirPortCrawl] start collect airport, url: https://t.me/s/jichang_list?before=2160
2024-12-30 17:45:27 crawl.py [line:1390] INFO: [AirPortCrawl] start collect airport, url: https://t.me/s/jichang_list?before=2140
2024-12-30 17:45:27 crawl.py [line:1390] INFO: [AirPortCrawl] start collect airport, url: https://t.me/s/jichang_list?before=2120
2024-12-30 17:45:27 crawl.py [line:1390] INFO: [AirPortCrawl] start collect airport, url: https://t.me/s/jichang_list?before=2100
2024-12-30 17:45:27 crawl.py [line:1390] INFO: [AirPortCrawl] start collect airport, url: https://t.me/s/jichang_list?before=2080
2024-12-30 17:45:27 crawl.py [line:1390] INFO: [AirPortCrawl] start collect airport, url: https://t.me/s/jichang_list?before=2060
2024-12-30 17:45:27 crawl.py [line:1390] INFO: [AirPortCrawl] start collect airport, url: https://t.me/s/jichang_list?before=2040
2024-12-30 17:45:27 crawl.py [line:1390] INFO: [AirPortCrawl] start collect airport, url: https://t.me/s/jichang_list?before=2020
2024-12-30 17:45:27 crawl.py [line:1390] INFO: [AirPortCrawl] start collect airport, url: https://t.me/s/jichang_list?before=2000
2024-12-30 17:45:27 crawl.py [line:1390] INFO: [AirPortCrawl] start collect airport, url: https://t.me/s/jichang_list?before=1980
2024-12-30 17:45:27 crawl.py [line:1390] INFO: [AirPortCrawl] start collect airport, url: https://t.me/s/jichang_list?before=1960
2024-12-30 17:45:27 crawl.py [line:1390] INFO: [AirPortCrawl] start collect airport, url: https://t.me/s/jichang_list?before=1940
2024-12-30 17:45:28 crawl.py [line:1390] INFO: [AirPortCrawl] start collect airport, url: https://t.me/s/jichang_list?before=1920
2024-12-30 17:45:28 crawl.py [line:1390] INFO: [AirPortCrawl] start collect airport, url: https://t.me/s/jichang_list?before=1900
2024-12-30 17:45:28 crawl.py [line:1390] INFO: [AirPortCrawl] start collect airport, url: https://t.me/s/jichang_list?before=1880
2024-12-30 17:45:28 crawl.py [line:1390] INFO: [AirPortCrawl] start collect airport, url: https://t.me/s/jichang_list?before=1860
2024-12-30 17:45:28 crawl.py [line:1390] INFO: [AirPortCrawl] start collect airport, url: https://t.me/s/jichang_list?before=1840
2024-12-30 17:45:28 crawl.py [line:1390] INFO: [AirPortCrawl] start collect airport, url: https://t.me/s/jichang_list?before=1820
2024-12-30 17:45:28 crawl.py [line:1390] INFO: [AirPortCrawl] start collect airport, url: https://t.me/s/jichang_list?before=1800
2024-12-30 17:45:28 crawl.py [line:1390] INFO: [AirPortCrawl] start collect airport, url: https://t.me/s/jichang_list?before=1780
2024-12-30 17:45:28 crawl.py [line:1390] INFO: [AirPortCrawl] start collect airport, url: https://t.me/s/jichang_list?before=1760
2024-12-30 17:45:28 crawl.py [line:1390] INFO: [AirPortCrawl] start collect airport, url: https://t.me/s/jichang_list?before=1740
2024-12-30 17:45:28 crawl.py [line:1390] INFO: [AirPortCrawl] start collect airport, url: https://t.me/s/jichang_list?before=1720
2024-12-30 17:45:28 crawl.py [line:1390] INFO: [AirPortCrawl] start collect airport, url: https://t.me/s/jichang_list?before=1700
2024-12-30 17:45:28 crawl.py [line:1390] INFO: [AirPortCrawl] start collect airport, url: https://t.me/s/jichang_list?before=1680
2024-12-30 17:45:28 crawl.py [line:1390] INFO: [AirPortCrawl] start collect airport, url: https://t.me/s/jichang_list?before=1660
2024-12-30 17:45:28 crawl.py [line:1390] INFO: [AirPortCrawl] start collect airport, url: https://t.me/s/jichang_list?before=1640
2024-12-30 17:45:28 crawl.py [line:1390] INFO: [AirPortCrawl] start collect airport, url: https://t.me/s/jichang_list?before=1620
2024-12-30 17:45:29 crawl.py [line:1390] INFO: [AirPortCrawl] start collect airport, url: https://t.me/s/jichang_list?before=1600
2024-12-30 17:45:29 crawl.py [line:1390] INFO: [AirPortCrawl] start collect airport, url: https://t.me/s/jichang_list?before=1580
2024-12-30 17:45:29 crawl.py [line:1390] INFO: [AirPortCrawl] start collect airport, url: https://t.me/s/jichang_list?before=1560
2024-12-30 17:45:29 crawl.py [line:1390] INFO: [AirPortCrawl] start collect airport, url: https://t.me/s/jichang_list?before=1540
2024-12-30 17:45:29 crawl.py [line:1390] INFO: [AirPortCrawl] start collect airport, url: https://t.me/s/jichang_list?before=1520
2024-12-30 17:45:29 crawl.py [line:1390] INFO: [AirPortCrawl] start collect airport, url: https://t.me/s/jichang_list?before=1500
2024-12-30 17:45:29 crawl.py [line:1390] INFO: [AirPortCrawl] start collect airport, url: https://t.me/s/jichang_list?before=1480
2024-12-30 17:45:29 crawl.py [line:1390] INFO: [AirPortCrawl] start collect airport, url: https://t.me/s/jichang_list?before=1460
2024-12-30 17:45:29 crawl.py [line:1390] INFO: [AirPortCrawl] start collect airport, url: https://t.me/s/jichang_list?before=1440
2024-12-30 17:45:29 crawl.py [line:1390] INFO: [AirPortCrawl] start collect airport, url: https://t.me/s/jichang_list?before=1420
2024-12-30 17:45:29 crawl.py [line:1390] INFO: [AirPortCrawl] start collect airport, url: https://t.me/s/jichang_list?before=1400
2024-12-30 17:45:29 crawl.py [line:1390] INFO: [AirPortCrawl] start collect airport, url: https://t.me/s/jichang_list?before=1380
2024-12-30 17:45:29 crawl.py [line:1390] INFO: [AirPortCrawl] start collect airport, url: https://t.me/s/jichang_list?before=1360
2024-12-30 17:45:29 crawl.py [line:1390] INFO: [AirPortCrawl] start collect airport, url: https://t.me/s/jichang_list?before=1340
2024-12-30 17:45:29 crawl.py [line:1390] INFO: [AirPortCrawl] start collect airport, url: https://t.me/s/jichang_list?before=1320
2024-12-30 17:45:29 crawl.py [line:1390] INFO: [AirPortCrawl] start collect airport, url: https://t.me/s/jichang_list?before=1300
2024-12-30 17:45:29 crawl.py [line:1390] INFO: [AirPortCrawl] start collect airport, url: https://t.me/s/jichang_list?before=1280
2024-12-30 17:45:30 crawl.py [line:1390] INFO: [AirPortCrawl] start collect airport, url: https://t.me/s/jichang_list?before=1260
2024-12-30 17:45:30 crawl.py [line:1390] INFO: [AirPortCrawl] start collect airport, url: https://t.me/s/jichang_list?before=1240
2024-12-30 17:45:30 crawl.py [line:1390] INFO: [AirPortCrawl] start collect airport, url: https://t.me/s/jichang_list?before=1220
2024-12-30 17:45:30 crawl.py [line:1390] INFO: [AirPortCrawl] start collect airport, url: https://t.me/s/jichang_list?before=1200
2024-12-30 17:45:30 crawl.py [line:1390] INFO: [AirPortCrawl] start collect airport, url: https://t.me/s/jichang_list?before=1180
2024-12-30 17:45:30 crawl.py [line:1390] INFO: [AirPortCrawl] start collect airport, url: https://t.me/s/jichang_list?before=1160
2024-12-30 17:45:30 crawl.py [line:1390] INFO: [AirPortCrawl] start collect airport, url: https://t.me/s/jichang_list?before=1140
2024-12-30 17:45:30 crawl.py [line:1390] INFO: [AirPortCrawl] start collect airport, url: https://t.me/s/jichang_list?before=1120
2024-12-30 17:45:30 crawl.py [line:1390] INFO: [AirPortCrawl] start collect airport, url: https://t.me/s/jichang_list?before=1100
2024-12-30 17:45:30 crawl.py [line:1390] INFO: [AirPortCrawl] start collect airport, url: https://t.me/s/jichang_list?before=1080
2024-12-30 17:45:30 crawl.py [line:1390] INFO: [AirPortCrawl] start collect airport, url: https://t.me/s/jichang_list?before=1060
2024-12-30 17:45:30 crawl.py [line:1390] INFO: [AirPortCrawl] start collect airport, url: https://t.me/s/jichang_list?before=1040
2024-12-30 17:45:30 crawl.py [line:1390] INFO: [AirPortCrawl] start collect airport, url: https://t.me/s/jichang_list?before=1020
2024-12-30 17:45:30 crawl.py [line:1390] INFO: [AirPortCrawl] start collect airport, url: https://t.me/s/jichang_list?before=1000
2024-12-30 17:45:30 crawl.py [line:1390] INFO: [AirPortCrawl] start collect airport, url: https://t.me/s/jichang_list?before=980
2024-12-30 17:45:31 crawl.py [line:1390] INFO: [AirPortCrawl] start collect airport, url: https://t.me/s/jichang_list?before=960
2024-12-30 17:45:31 crawl.py [line:1390] INFO: [AirPortCrawl] start collect airport, url: https://t.me/s/jichang_list?before=940
2024-12-30 17:45:31 crawl.py [line:1390] INFO: [AirPortCrawl] start collect airport, url: https://t.me/s/jichang_list?before=920
2024-12-30 17:45:31 crawl.py [line:1390] INFO: [AirPortCrawl] start collect airport, url: https://t.me/s/jichang_list?before=900
2024-12-30 17:45:31 crawl.py [line:1390] INFO: [AirPortCrawl] start collect airport, url: https://t.me/s/jichang_list?before=880
2024-12-30 17:45:31 crawl.py [line:1390] INFO: [AirPortCrawl] start collect airport, url: https://t.me/s/jichang_list?before=860
2024-12-30 17:45:31 crawl.py [line:1390] INFO: [AirPortCrawl] start collect airport, url: https://t.me/s/jichang_list?before=840
2024-12-30 17:45:31 crawl.py [line:1390] INFO: [AirPortCrawl] start collect airport, url: https://t.me/s/jichang_list?before=820
2024-12-30 17:45:31 crawl.py [line:1390] INFO: [AirPortCrawl] start collect airport, url: https://t.me/s/jichang_list?before=800
2024-12-30 17:45:31 crawl.py [line:1390] INFO: [AirPortCrawl] start collect airport, url: https://t.me/s/jichang_list?before=780
2024-12-30 17:45:31 crawl.py [line:1390] INFO: [AirPortCrawl] start collect airport, url: https://t.me/s/jichang_list?before=760
2024-12-30 17:45:31 crawl.py [line:1390] INFO: [AirPortCrawl] start collect airport, url: https://t.me/s/jichang_list?before=740
2024-12-30 17:45:31 crawl.py [line:1390] INFO: [AirPortCrawl] start collect airport, url: https://t.me/s/jichang_list?before=720
2024-12-30 17:45:31 crawl.py [line:1390] INFO: [AirPortCrawl] start collect airport, url: https://t.me/s/jichang_list?before=700
2024-12-30 17:45:31 crawl.py [line:1390] INFO: [AirPortCrawl] start collect airport, url: https://t.me/s/jichang_list?before=680
2024-12-30 17:45:31 crawl.py [line:1390] INFO: [AirPortCrawl] start collect airport, url: https://t.me/s/jichang_list?before=660
2024-12-30 17:45:32 crawl.py [line:1390] INFO: [AirPortCrawl] start collect airport, url: https://t.me/s/jichang_list?before=640
2024-12-30 17:45:32 crawl.py [line:1390] INFO: [AirPortCrawl] start collect airport, url: https://t.me/s/jichang_list?before=620
2024-12-30 17:45:32 crawl.py [line:1390] INFO: [AirPortCrawl] start collect airport, url: https://t.me/s/jichang_list?before=600
2024-12-30 17:45:32 crawl.py [line:1390] INFO: [AirPortCrawl] start collect airport, url: https://t.me/s/jichang_list?before=580
2024-12-30 17:45:32 crawl.py [line:1390] INFO: [AirPortCrawl] start collect airport, url: https://t.me/s/jichang_list?before=560
2024-12-30 17:45:32 crawl.py [line:1390] INFO: [AirPortCrawl] start collect airport, url: https://t.me/s/jichang_list?before=540
2024-12-30 17:45:32 crawl.py [line:1390] INFO: [AirPortCrawl] start collect airport, url: https://t.me/s/jichang_list?before=520
2024-12-30 17:45:32 crawl.py [line:1390] INFO: [AirPortCrawl] start collect airport, url: https://t.me/s/jichang_list?before=500
2024-12-30 17:45:32 crawl.py [line:1390] INFO: [AirPortCrawl] start collect airport, url: https://t.me/s/jichang_list?before=480
2024-12-30 17:45:32 crawl.py [line:1390] INFO: [AirPortCrawl] start collect airport, url: https://t.me/s/jichang_list?before=460
2024-12-30 17:45:32 crawl.py [line:1390] INFO: [AirPortCrawl] start collect airport, url: https://t.me/s/jichang_list?before=440
2024-12-30 17:45:32 crawl.py [line:1390] INFO: [AirPortCrawl] start collect airport, url: https://t.me/s/jichang_list?before=420
2024-12-30 17:45:32 crawl.py [line:1390] INFO: [AirPortCrawl] start collect airport, url: https://t.me/s/jichang_list?before=400
2024-12-30 17:45:32 crawl.py [line:1390] INFO: [AirPortCrawl] start collect airport, url: https://t.me/s/jichang_list?before=380
2024-12-30 17:45:33 crawl.py [line:1390] INFO: [AirPortCrawl] start collect airport, url: https://t.me/s/jichang_list?before=360
2024-12-30 17:45:33 crawl.py [line:1390] INFO: [AirPortCrawl] start collect airport, url: https://t.me/s/jichang_list?before=340
2024-12-30 17:45:33 crawl.py [line:1390] INFO: [AirPortCrawl] start collect airport, url: https://t.me/s/jichang_list?before=320
2024-12-30 17:45:33 crawl.py [line:1390] INFO: [AirPortCrawl] start collect airport, url: https://t.me/s/jichang_list?before=300
2024-12-30 17:45:33 crawl.py [line:1390] INFO: [AirPortCrawl] start collect airport, url: https://t.me/s/jichang_list?before=280
2024-12-30 17:45:33 crawl.py [line:1390] INFO: [AirPortCrawl] start collect airport, url: https://t.me/s/jichang_list?before=260
2024-12-30 17:45:33 crawl.py [line:1390] INFO: [AirPortCrawl] start collect airport, url: https://t.me/s/jichang_list?before=240
2024-12-30 17:45:33 crawl.py [line:1390] INFO: [AirPortCrawl] start collect airport, url: https://t.me/s/jichang_list?before=220
2024-12-30 17:45:33 crawl.py [line:1390] INFO: [AirPortCrawl] start collect airport, url: https://t.me/s/jichang_list?before=200
2024-12-30 17:45:33 crawl.py [line:1390] INFO: [AirPortCrawl] start collect airport, url: https://t.me/s/jichang_list?before=180
2024-12-30 17:45:33 crawl.py [line:1390] INFO: [AirPortCrawl] start collect airport, url: https://t.me/s/jichang_list?before=160
2024-12-30 17:45:33 crawl.py [line:1390] INFO: [AirPortCrawl] start collect airport, url: https://t.me/s/jichang_list?before=140
2024-12-30 17:45:33 crawl.py [line:1390] INFO: [AirPortCrawl] start collect airport, url: https://t.me/s/jichang_list?before=120
2024-12-30 17:45:33 crawl.py [line:1390] INFO: [AirPortCrawl] start collect airport, url: https://t.me/s/jichang_list?before=100
2024-12-30 17:45:33 crawl.py [line:1390] INFO: [AirPortCrawl] start collect airport, url: https://t.me/s/jichang_list?before=80
2024-12-30 17:45:33 crawl.py [line:1390] INFO: [AirPortCrawl] start collect airport, url: https://t.me/s/jichang_list?before=60
2024-12-30 17:45:33 crawl.py [line:1390] INFO: [AirPortCrawl] start collect airport, url: https://t.me/s/jichang_list?before=40
2024-12-30 17:45:34 crawl.py [line:1390] INFO: [AirPortCrawl] start collect airport, url: https://t.me/s/jichang_list?before=20
2024-12-30 17:45:34 crawl.py [line:1390] INFO: [AirPortCrawl] start collect airport, url: https://t.me/s/jichang_list?before=0
2024-12-30 17:45:34 utils.py [line:557] INFO: [Concurrent] multi-threaded execute [extract_airport_site] finished, count: 198, cost: 12.65s
2024-12-30 17:45:43 utils.py [line:557] INFO: [Concurrent] multi-threaded execute [get_redirect_url] finished, count: 13, cost: 8.55s
2024-12-30 17:45:48 utils.py [line:557] INFO: [Concurrent] multi-threaded execute [run_crawl] finished, count: 9, cost: 0.15s
2024-12-30 17:45:48 crawl.py [line:1731] INFO: [AirPortCollector] fetched 5127 airport, start extracting real routing addresses
2024-12-30 17:49:48 utils.py [line:557] INFO: [Concurrent] multi-threaded execute [extract_backend_url] finished, count: 5127, cost: 240.42s
2024-12-30 17:49:48 crawl.py [line:1743] INFO: [AirPortCollector] extract real base url finished, start to check it now
2024-12-30 17:53:09 utils.py [line:557] INFO: [Concurrent] multi-threaded execute [validate_domain] finished, count: 2332, cost: 200.74s
2024-12-30 17:53:09 crawl.py [line:1755] INFO: [AirPortCollector] finished collect airport, availables: 201
2024-12-31 00:12:28 collect.py [line:209] ERROR: cannot extract username and gist id due to invalid github gist link
2024-12-31 00:12:28 collect.py [line:71] INFO: start checking whether existing subscriptions have expired
2024-12-31 00:12:28 collect.py [line:113] INFO: load exists subscription finished, count: 0
2024-12-31 00:12:29 crawl.py [line:1430] INFO: [TelegramCrawl] starting crawl from telegram, channel: jichang_list, pages: 198
2024-12-31 00:12:29 crawl.py [line:1390] INFO: [AirPortCrawl] start collect airport, url: https://t.me/s/jichang_list?before=3940
2024-12-31 00:12:29 crawl.py [line:1390] INFO: [AirPortCrawl] start collect airport, url: https://t.me/s/jichang_list?before=3920
2024-12-31 00:12:29 crawl.py [line:1390] INFO: [AirPortCrawl] start collect airport, url: https://t.me/s/jichang_list?before=3900
2024-12-31 00:12:29 crawl.py [line:1390] INFO: [AirPortCrawl] start collect airport, url: https://t.me/s/jichang_list?before=3880
2024-12-31 00:12:29 crawl.py [line:1390] INFO: [AirPortCrawl] start collect airport, url: https://t.me/s/jichang_list?before=3860
2024-12-31 00:12:29 crawl.py [line:1390] INFO: [AirPortCrawl] start collect airport, url: https://t.me/s/jichang_list?before=3840
2024-12-31 00:12:29 crawl.py [line:1390] INFO: [AirPortCrawl] start collect airport, url: https://t.me/s/jichang_list?before=3820
2024-12-31 00:12:29 crawl.py [line:1390] INFO: [AirPortCrawl] start collect airport, url: https://t.me/s/jichang_list?before=3800
2024-12-31 00:12:30 crawl.py [line:1390] INFO: [AirPortCrawl] start collect airport, url: https://t.me/s/jichang_list?before=3780
2024-12-31 00:12:30 crawl.py [line:1390] INFO: [AirPortCrawl] start collect airport, url: https://t.me/s/jichang_list?before=3760
2024-12-31 00:12:30 crawl.py [line:1390] INFO: [AirPortCrawl] start collect airport, url: https://t.me/s/jichang_list?before=3740
2024-12-31 00:12:30 crawl.py [line:1390] INFO: [AirPortCrawl] start collect airport, url: https://t.me/s/jichang_list?before=3720
2024-12-31 00:12:30 crawl.py [line:1390] INFO: [AirPortCrawl] start collect airport, url: https://t.me/s/jichang_list?before=3700
2024-12-31 00:12:30 crawl.py [line:1390] INFO: [AirPortCrawl] start collect airport, url: https://t.me/s/jichang_list?before=3680
2024-12-31 00:12:30 crawl.py [line:1390] INFO: [AirPortCrawl] start collect airport, url: https://t.me/s/jichang_list?before=3660
2024-12-31 00:12:30 crawl.py [line:1390] INFO: [AirPortCrawl] start collect airport, url: https://t.me/s/jichang_list?before=3640
2024-12-31 00:12:31 crawl.py [line:1390] INFO: [AirPortCrawl] start collect airport, url: https://t.me/s/jichang_list?before=3620
2024-12-31 00:12:31 crawl.py [line:1390] INFO: [AirPortCrawl] start collect airport, url: https://t.me/s/jichang_list?before=3600
2024-12-31 00:12:31 crawl.py [line:1390] INFO: [AirPortCrawl] start collect airport, url: https://t.me/s/jichang_list?before=3580
2024-12-31 00:12:31 crawl.py [line:1390] INFO: [AirPortCrawl] start collect airport, url: https://t.me/s/jichang_list?before=3560
2024-12-31 00:12:31 crawl.py [line:1390] INFO: [AirPortCrawl] start collect airport, url: https://t.me/s/jichang_list?before=3540
2024-12-31 00:12:31 crawl.py [line:1390] INFO: [AirPortCrawl] start collect airport, url: https://t.me/s/jichang_list?before=3520
2024-12-31 00:12:31 crawl.py [line:1390] INFO: [AirPortCrawl] start collect airport, url: https://t.me/s/jichang_list?before=3500
2024-12-31 00:12:31 crawl.py [line:1390] INFO: [AirPortCrawl] start collect airport, url: https://t.me/s/jichang_list?before=3480
2024-12-31 00:12:32 crawl.py [line:1390] INFO: [AirPortCrawl] start collect airport, url: https://t.me/s/jichang_list?before=3460
2024-12-31 00:12:32 crawl.py [line:1390] INFO: [AirPortCrawl] start collect airport, url: https://t.me/s/jichang_list?before=3440
2024-12-31 00:12:32 crawl.py [line:1390] INFO: [AirPortCrawl] start collect airport, url: https://t.me/s/jichang_list?before=3420
2024-12-31 00:12:32 crawl.py [line:1390] INFO: [AirPortCrawl] start collect airport, url: https://t.me/s/jichang_list?before=3400
2024-12-31 00:12:32 crawl.py [line:1390] INFO: [AirPortCrawl] start collect airport, url: https://t.me/s/jichang_list?before=3380
2024-12-31 00:12:32 crawl.py [line:1390] INFO: [AirPortCrawl] start collect airport, url: https://t.me/s/jichang_list?before=3360
2024-12-31 00:12:32 crawl.py [line:1390] INFO: [AirPortCrawl] start collect airport, url: https://t.me/s/jichang_list?before=3340
2024-12-31 00:12:32 crawl.py [line:1390] INFO: [AirPortCrawl] start collect airport, url: https://t.me/s/jichang_list?before=3320
2024-12-31 00:12:32 crawl.py [line:1390] INFO: [AirPortCrawl] start collect airport, url: https://t.me/s/jichang_list?before=3300
2024-12-31 00:12:32 crawl.py [line:1390] INFO: [AirPortCrawl] start collect airport, url: https://t.me/s/jichang_list?before=3280
2024-12-31 00:12:32 crawl.py [line:1390] INFO: [AirPortCrawl] start collect airport, url: https://t.me/s/jichang_list?before=3260
2024-12-31 00:12:33 crawl.py [line:1390] INFO: [AirPortCrawl] start collect airport, url: https://t.me/s/jichang_list?before=3240
2024-12-31 00:12:33 crawl.py [line:1390] INFO: [AirPortCrawl] start collect airport, url: https://t.me/s/jichang_list?before=3220
2024-12-31 00:12:33 crawl.py [line:1390] INFO: [AirPortCrawl] start collect airport, url: https://t.me/s/jichang_list?before=3200
2024-12-31 00:12:33 crawl.py [line:1390] INFO: [AirPortCrawl] start collect airport, url: https://t.me/s/jichang_list?before=3180
2024-12-31 00:12:33 crawl.py [line:1390] INFO: [AirPortCrawl] start collect airport, url: https://t.me/s/jichang_list?before=3160
2024-12-31 00:12:33 crawl.py [line:1390] INFO: [AirPortCrawl] start collect airport, url: https://t.me/s/jichang_list?before=3140
2024-12-31 00:12:33 crawl.py [line:1390] INFO: [AirPortCrawl] start collect airport, url: https://t.me/s/jichang_list?before=3120
2024-12-31 00:12:33 crawl.py [line:1390] INFO: [AirPortCrawl] start collect airport, url: https://t.me/s/jichang_list?before=3100
2024-12-31 00:12:33 crawl.py [line:1390] INFO: [AirPortCrawl] start collect airport, url: https://t.me/s/jichang_list?before=3080
2024-12-31 00:12:33 crawl.py [line:1390] INFO: [AirPortCrawl] start collect airport, url: https://t.me/s/jichang_list?before=3060
2024-12-31 00:12:33 crawl.py [line:1390] INFO: [AirPortCrawl] start collect airport, url: https://t.me/s/jichang_list?before=3040
2024-12-31 00:12:33 crawl.py [line:1390] INFO: [AirPortCrawl] start collect airport, url: https://t.me/s/jichang_list?before=3020
2024-12-31 00:12:34 crawl.py [line:1390] INFO: [AirPortCrawl] start collect airport, url: https://t.me/s/jichang_list?before=3000
2024-12-31 00:12:34 crawl.py [line:1390] INFO: [AirPortCrawl] start collect airport, url: https://t.me/s/jichang_list?before=2980
2024-12-31 00:12:34 crawl.py [line:1390] INFO: [AirPortCrawl] start collect airport, url: https://t.me/s/jichang_list?before=2960
2024-12-31 00:12:34 crawl.py [line:1390] INFO: [AirPortCrawl] start collect airport, url: https://t.me/s/jichang_list?before=2940
2024-12-31 00:12:34 crawl.py [line:1390] INFO: [AirPortCrawl] start collect airport, url: https://t.me/s/jichang_list?before=2920
2024-12-31 00:12:34 crawl.py [line:1390] INFO: [AirPortCrawl] start collect airport, url: https://t.me/s/jichang_list?before=2900
2024-12-31 00:12:34 crawl.py [line:1390] INFO: [AirPortCrawl] start collect airport, url: https://t.me/s/jichang_list?before=2880
2024-12-31 00:12:34 crawl.py [line:1390] INFO: [AirPortCrawl] start collect airport, url: https://t.me/s/jichang_list?before=2860
2024-12-31 00:12:34 crawl.py [line:1390] INFO: [AirPortCrawl] start collect airport, url: https://t.me/s/jichang_list?before=2840
2024-12-31 00:12:35 crawl.py [line:1390] INFO: [AirPortCrawl] start collect airport, url: https://t.me/s/jichang_list?before=2820
2024-12-31 00:12:35 crawl.py [line:1390] INFO: [AirPortCrawl] start collect airport, url: https://t.me/s/jichang_list?before=2800
2024-12-31 00:12:35 crawl.py [line:1390] INFO: [AirPortCrawl] start collect airport, url: https://t.me/s/jichang_list?before=2780
2024-12-31 00:12:35 crawl.py [line:1390] INFO: [AirPortCrawl] start collect airport, url: https://t.me/s/jichang_list?before=2760
2024-12-31 00:12:35 crawl.py [line:1390] INFO: [AirPortCrawl] start collect airport, url: https://t.me/s/jichang_list?before=2740
2024-12-31 00:12:35 crawl.py [line:1390] INFO: [AirPortCrawl] start collect airport, url: https://t.me/s/jichang_list?before=2720
2024-12-31 00:12:35 crawl.py [line:1390] INFO: [AirPortCrawl] start collect airport, url: https://t.me/s/jichang_list?before=2700
2024-12-31 00:12:35 crawl.py [line:1390] INFO: [AirPortCrawl] start collect airport, url: https://t.me/s/jichang_list?before=2680
2024-12-31 00:12:36 crawl.py [line:1390] INFO: [AirPortCrawl] start collect airport, url: https://t.me/s/jichang_list?before=2660
2024-12-31 00:12:36 crawl.py [line:1390] INFO: [AirPortCrawl] start collect airport, url: https://t.me/s/jichang_list?before=2640
2024-12-31 00:12:36 crawl.py [line:1390] INFO: [AirPortCrawl] start collect airport, url: https://t.me/s/jichang_list?before=2620
2024-12-31 00:12:36 crawl.py [line:1390] INFO: [AirPortCrawl] start collect airport, url: https://t.me/s/jichang_list?before=2600
2024-12-31 00:12:36 crawl.py [line:1390] INFO: [AirPortCrawl] start collect airport, url: https://t.me/s/jichang_list?before=2580
2024-12-31 00:12:36 crawl.py [line:1390] INFO: [AirPortCrawl] start collect airport, url: https://t.me/s/jichang_list?before=2560
2024-12-31 00:12:36 crawl.py [line:1390] INFO: [AirPortCrawl] start collect airport, url: https://t.me/s/jichang_list?before=2540
2024-12-31 00:12:36 crawl.py [line:1390] INFO: [AirPortCrawl] start collect airport, url: https://t.me/s/jichang_list?before=2520
2024-12-31 00:12:36 crawl.py [line:1390] INFO: [AirPortCrawl] start collect airport, url: https://t.me/s/jichang_list?before=2500
2024-12-31 00:12:36 crawl.py [line:1390] INFO: [AirPortCrawl] start collect airport, url: https://t.me/s/jichang_list?before=2480
2024-12-31 00:12:36 crawl.py [line:1390] INFO: [AirPortCrawl] start collect airport, url: https://t.me/s/jichang_list?before=2460
2024-12-31 00:12:36 crawl.py [line:1390] INFO: [AirPortCrawl] start collect airport, url: https://t.me/s/jichang_list?before=2440
2024-12-31 00:12:36 crawl.py [line:1390] INFO: [AirPortCrawl] start collect airport, url: https://t.me/s/jichang_list?before=2420
2024-12-31 00:12:36 crawl.py [line:1390] INFO: [AirPortCrawl] start collect airport, url: https://t.me/s/jichang_list?before=2400
2024-12-31 00:12:37 crawl.py [line:1390] INFO: [AirPortCrawl] start collect airport, url: https://t.me/s/jichang_list?before=2380
2024-12-31 00:12:37 crawl.py [line:1390] INFO: [AirPortCrawl] start collect airport, url: https://t.me/s/jichang_list?before=2360
2024-12-31 00:12:37 crawl.py [line:1390] INFO: [AirPortCrawl] start collect airport, url: https://t.me/s/jichang_list?before=2340
2024-12-31 00:12:37 crawl.py [line:1390] INFO: [AirPortCrawl] start collect airport, url: https://t.me/s/jichang_list?before=2320
2024-12-31 00:12:37 crawl.py [line:1390] INFO: [AirPortCrawl] start collect airport, url: https://t.me/s/jichang_list?before=2300
2024-12-31 00:12:37 crawl.py [line:1390] INFO: [AirPortCrawl] start collect airport, url: https://t.me/s/jichang_list?before=2280
2024-12-31 00:12:37 crawl.py [line:1390] INFO: [AirPortCrawl] start collect airport, url: https://t.me/s/jichang_list?before=2260
2024-12-31 00:12:37 crawl.py [line:1390] INFO: [AirPortCrawl] start collect airport, url: https://t.me/s/jichang_list?before=2240
2024-12-31 00:12:37 crawl.py [line:1390] INFO: [AirPortCrawl] start collect airport, url: https://t.me/s/jichang_list?before=2220
2024-12-31 00:12:38 crawl.py [line:1390] INFO: [AirPortCrawl] start collect airport, url: https://t.me/s/jichang_list?before=2200
2024-12-31 00:12:38 crawl.py [line:1390] INFO: [AirPortCrawl] start collect airport, url: https://t.me/s/jichang_list?before=2180
2024-12-31 00:12:38 crawl.py [line:1390] INFO: [AirPortCrawl] start collect airport, url: https://t.me/s/jichang_list?before=2160
2024-12-31 00:12:38 crawl.py [line:1390] INFO: [AirPortCrawl] start collect airport, url: https://t.me/s/jichang_list?before=2140
2024-12-31 00:12:38 crawl.py [line:1390] INFO: [AirPortCrawl] start collect airport, url: https://t.me/s/jichang_list?before=2120
2024-12-31 00:12:38 crawl.py [line:1390] INFO: [AirPortCrawl] start collect airport, url: https://t.me/s/jichang_list?before=2100
2024-12-31 00:12:38 crawl.py [line:1390] INFO: [AirPortCrawl] start collect airport, url: https://t.me/s/jichang_list?before=2080
2024-12-31 00:12:38 crawl.py [line:1390] INFO: [AirPortCrawl] start collect airport, url: https://t.me/s/jichang_list?before=2060
2024-12-31 00:12:38 crawl.py [line:1390] INFO: [AirPortCrawl] start collect airport, url: https://t.me/s/jichang_list?before=2040
2024-12-31 00:12:39 crawl.py [line:1390] INFO: [AirPortCrawl] start collect airport, url: https://t.me/s/jichang_list?before=2020
2024-12-31 00:12:39 crawl.py [line:1390] INFO: [AirPortCrawl] start collect airport, url: https://t.me/s/jichang_list?before=2000
2024-12-31 00:12:39 crawl.py [line:1390] INFO: [AirPortCrawl] start collect airport, url: https://t.me/s/jichang_list?before=1980
2024-12-31 00:12:39 crawl.py [line:1390] INFO: [AirPortCrawl] start collect airport, url: https://t.me/s/jichang_list?before=1960
2024-12-31 00:12:39 crawl.py [line:1390] INFO: [AirPortCrawl] start collect airport, url: https://t.me/s/jichang_list?before=1940
2024-12-31 00:12:39 crawl.py [line:1390] INFO: [AirPortCrawl] start collect airport, url: https://t.me/s/jichang_list?before=1920
2024-12-31 00:12:39 crawl.py [line:1390] INFO: [AirPortCrawl] start collect airport, url: https://t.me/s/jichang_list?before=1900
2024-12-31 00:12:39 crawl.py [line:1390] INFO: [AirPortCrawl] start collect airport, url: https://t.me/s/jichang_list?before=1880
2024-12-31 00:12:39 crawl.py [line:1390] INFO: [AirPortCrawl] start collect airport, url: https://t.me/s/jichang_list?before=1860
2024-12-31 00:12:39 crawl.py [line:1390] INFO: [AirPortCrawl] start collect airport, url: https://t.me/s/jichang_list?before=1840
2024-12-31 00:12:39 crawl.py [line:1390] INFO: [AirPortCrawl] start collect airport, url: https://t.me/s/jichang_list?before=1820
2024-12-31 00:12:39 crawl.py [line:1390] INFO: [AirPortCrawl] start collect airport, url: https://t.me/s/jichang_list?before=1800
2024-12-31 00:12:40 crawl.py [line:1390] INFO: [AirPortCrawl] start collect airport, url: https://t.me/s/jichang_list?before=1780
2024-12-31 00:12:40 crawl.py [line:1390] INFO: [AirPortCrawl] start collect airport, url: https://t.me/s/jichang_list?before=1760
2024-12-31 00:12:40 crawl.py [line:1390] INFO: [AirPortCrawl] start collect airport, url: https://t.me/s/jichang_list?before=1740
2024-12-31 00:12:40 crawl.py [line:1390] INFO: [AirPortCrawl] start collect airport, url: https://t.me/s/jichang_list?before=1720
2024-12-31 00:12:40 crawl.py [line:1390] INFO: [AirPortCrawl] start collect airport, url: https://t.me/s/jichang_list?before=1700
2024-12-31 00:12:40 crawl.py [line:1390] INFO: [AirPortCrawl] start collect airport, url: https://t.me/s/jichang_list?before=1680
2024-12-31 00:12:40 crawl.py [line:1390] INFO: [AirPortCrawl] start collect airport, url: https://t.me/s/jichang_list?before=1660
2024-12-31 00:12:40 crawl.py [line:1390] INFO: [AirPortCrawl] start collect airport, url: https://t.me/s/jichang_list?before=1640
2024-12-31 00:12:40 crawl.py [line:1390] INFO: [AirPortCrawl] start collect airport, url: https://t.me/s/jichang_list?before=1620
2024-12-31 00:12:40 crawl.py [line:1390] INFO: [AirPortCrawl] start collect airport, url: https://t.me/s/jichang_list?before=1600
2024-12-31 00:12:41 crawl.py [line:1390] INFO: [AirPortCrawl] start collect airport, url: https://t.me/s/jichang_list?before=1580
2024-12-31 00:12:41 crawl.py [line:1390] INFO: [AirPortCrawl] start collect airport, url: https://t.me/s/jichang_list?before=1560
2024-12-31 00:12:41 crawl.py [line:1390] INFO: [AirPortCrawl] start collect airport, url: https://t.me/s/jichang_list?before=1540
2024-12-31 00:12:41 crawl.py [line:1390] INFO: [AirPortCrawl] start collect airport, url: https://t.me/s/jichang_list?before=1520
2024-12-31 00:12:41 crawl.py [line:1390] INFO: [AirPortCrawl] start collect airport, url: https://t.me/s/jichang_list?before=1500
2024-12-31 00:12:41 crawl.py [line:1390] INFO: [AirPortCrawl] start collect airport, url: https://t.me/s/jichang_list?before=1480
2024-12-31 00:12:41 crawl.py [line:1390] INFO: [AirPortCrawl] start collect airport, url: https://t.me/s/jichang_list?before=1460
2024-12-31 00:12:41 crawl.py [line:1390] INFO: [AirPortCrawl] start collect airport, url: https://t.me/s/jichang_list?before=1440
2024-12-31 00:12:41 crawl.py [line:1390] INFO: [AirPortCrawl] start collect airport, url: https://t.me/s/jichang_list?before=1420
2024-12-31 00:12:41 crawl.py [line:1390] INFO: [AirPortCrawl] start collect airport, url: https://t.me/s/jichang_list?before=1400
2024-12-31 00:12:42 crawl.py [line:1390] INFO: [AirPortCrawl] start collect airport, url: https://t.me/s/jichang_list?before=1380
2024-12-31 00:12:42 crawl.py [line:1390] INFO: [AirPortCrawl] start collect airport, url: https://t.me/s/jichang_list?before=1360
2024-12-31 00:12:42 crawl.py [line:1390] INFO: [AirPortCrawl] start collect airport, url: https://t.me/s/jichang_list?before=1340
2024-12-31 00:12:42 crawl.py [line:1390] INFO: [AirPortCrawl] start collect airport, url: https://t.me/s/jichang_list?before=1320
2024-12-31 00:12:42 crawl.py [line:1390] INFO: [AirPortCrawl] start collect airport, url: https://t.me/s/jichang_list?before=1300
2024-12-31 00:12:42 crawl.py [line:1390] INFO: [AirPortCrawl] start collect airport, url: https://t.me/s/jichang_list?before=1280
2024-12-31 00:12:42 crawl.py [line:1390] INFO: [AirPortCrawl] start collect airport, url: https://t.me/s/jichang_list?before=1260
2024-12-31 00:12:42 crawl.py [line:1390] INFO: [AirPortCrawl] start collect airport, url: https://t.me/s/jichang_list?before=1240
2024-12-31 00:12:42 crawl.py [line:1390] INFO: [AirPortCrawl] start collect airport, url: https://t.me/s/jichang_list?before=1220
2024-12-31 00:12:42 crawl.py [line:1390] INFO: [AirPortCrawl] start collect airport, url: https://t.me/s/jichang_list?before=1200
2024-12-31 00:12:42 crawl.py [line:1390] INFO: [AirPortCrawl] start collect airport, url: https://t.me/s/jichang_list?before=1180
2024-12-31 00:12:43 crawl.py [line:1390] INFO: [AirPortCrawl] start collect airport, url: https://t.me/s/jichang_list?before=1160
2024-12-31 00:12:43 crawl.py [line:1390] INFO: [AirPortCrawl] start collect airport, url: https://t.me/s/jichang_list?before=1140
2024-12-31 00:12:43 crawl.py [line:1390] INFO: [AirPortCrawl] start collect airport, url: https://t.me/s/jichang_list?before=1120
2024-12-31 00:12:43 crawl.py [line:1390] INFO: [AirPortCrawl] start collect airport, url: https://t.me/s/jichang_list?before=1100
2024-12-31 00:12:43 crawl.py [line:1390] INFO: [AirPortCrawl] start collect airport, url: https://t.me/s/jichang_list?before=1080
2024-12-31 00:12:43 crawl.py [line:1390] INFO: [AirPortCrawl] start collect airport, url: https://t.me/s/jichang_list?before=1060
2024-12-31 00:12:43 crawl.py [line:1390] INFO: [AirPortCrawl] start collect airport, url: https://t.me/s/jichang_list?before=1040
2024-12-31 00:12:43 crawl.py [line:1390] INFO: [AirPortCrawl] start collect airport, url: https://t.me/s/jichang_list?before=1020
2024-12-31 00:12:43 crawl.py [line:1390] INFO: [AirPortCrawl] start collect airport, url: https://t.me/s/jichang_list?before=1000
2024-12-31 00:12:43 crawl.py [line:1390] INFO: [AirPortCrawl] start collect airport, url: https://t.me/s/jichang_list?before=980
2024-12-31 00:12:43 crawl.py [line:1390] INFO: [AirPortCrawl] start collect airport, url: https://t.me/s/jichang_list?before=960
2024-12-31 00:12:44 crawl.py [line:1390] INFO: [AirPortCrawl] start collect airport, url: https://t.me/s/jichang_list?before=940
2024-12-31 00:12:44 crawl.py [line:1390] INFO: [AirPortCrawl] start collect airport, url: https://t.me/s/jichang_list?before=920
2024-12-31 00:12:44 crawl.py [line:1390] INFO: [AirPortCrawl] start collect airport, url: https://t.me/s/jichang_list?before=900
2024-12-31 00:12:44 crawl.py [line:1390] INFO: [AirPortCrawl] start collect airport, url: https://t.me/s/jichang_list?before=880
2024-12-31 00:12:44 crawl.py [line:1390] INFO: [AirPortCrawl] start collect airport, url: https://t.me/s/jichang_list?before=860
2024-12-31 00:12:44 crawl.py [line:1390] INFO: [AirPortCrawl] start collect airport, url: https://t.me/s/jichang_list?before=840
2024-12-31 00:12:44 crawl.py [line:1390] INFO: [AirPortCrawl] start collect airport, url: https://t.me/s/jichang_list?before=820
2024-12-31 00:12:44 crawl.py [line:1390] INFO: [AirPortCrawl] start collect airport, url: https://t.me/s/jichang_list?before=800
2024-12-31 00:12:45 crawl.py [line:1390] INFO: [AirPortCrawl] start collect airport, url: https://t.me/s/jichang_list?before=780
2024-12-31 00:12:45 crawl.py [line:1390] INFO: [AirPortCrawl] start collect airport, url: https://t.me/s/jichang_list?before=760
2024-12-31 00:12:45 crawl.py [line:1390] INFO: [AirPortCrawl] start collect airport, url: https://t.me/s/jichang_list?before=740
2024-12-31 00:12:45 crawl.py [line:1390] INFO: [AirPortCrawl] start collect airport, url: https://t.me/s/jichang_list?before=720
2024-12-31 00:12:45 crawl.py [line:1390] INFO: [AirPortCrawl] start collect airport, url: https://t.me/s/jichang_list?before=700
2024-12-31 00:12:45 crawl.py [line:1390] INFO: [AirPortCrawl] start collect airport, url: https://t.me/s/jichang_list?before=680
2024-12-31 00:12:45 crawl.py [line:1390] INFO: [AirPortCrawl] start collect airport, url: https://t.me/s/jichang_list?before=660
2024-12-31 00:12:45 crawl.py [line:1390] INFO: [AirPortCrawl] start collect airport, url: https://t.me/s/jichang_list?before=640
2024-12-31 00:12:45 crawl.py [line:1390] INFO: [AirPortCrawl] start collect airport, url: https://t.me/s/jichang_list?before=620
2024-12-31 00:12:45 crawl.py [line:1390] INFO: [AirPortCrawl] start collect airport, url: https://t.me/s/jichang_list?before=600
2024-12-31 00:12:46 crawl.py [line:1390] INFO: [AirPortCrawl] start collect airport, url: https://t.me/s/jichang_list?before=580
2024-12-31 00:12:46 crawl.py [line:1390] INFO: [AirPortCrawl] start collect airport, url: https://t.me/s/jichang_list?before=560
2024-12-31 00:12:46 crawl.py [line:1390] INFO: [AirPortCrawl] start collect airport, url: https://t.me/s/jichang_list?before=540
2024-12-31 00:12:46 crawl.py [line:1390] INFO: [AirPortCrawl] start collect airport, url: https://t.me/s/jichang_list?before=520
2024-12-31 00:12:46 crawl.py [line:1390] INFO: [AirPortCrawl] start collect airport, url: https://t.me/s/jichang_list?before=500
2024-12-31 00:12:46 crawl.py [line:1390] INFO: [AirPortCrawl] start collect airport, url: https://t.me/s/jichang_list?before=480
2024-12-31 00:12:46 crawl.py [line:1390] INFO: [AirPortCrawl] start collect airport, url: https://t.me/s/jichang_list?before=460
2024-12-31 00:12:46 crawl.py [line:1390] INFO: [AirPortCrawl] start collect airport, url: https://t.me/s/jichang_list?before=440
2024-12-31 00:12:46 crawl.py [line:1390] INFO: [AirPortCrawl] start collect airport, url: https://t.me/s/jichang_list?before=420
2024-12-31 00:12:46 crawl.py [line:1390] INFO: [AirPortCrawl] start collect airport, url: https://t.me/s/jichang_list?before=400
2024-12-31 00:12:46 crawl.py [line:1390] INFO: [AirPortCrawl] start collect airport, url: https://t.me/s/jichang_list?before=380
2024-12-31 00:12:47 crawl.py [line:1390] INFO: [AirPortCrawl] start collect airport, url: https://t.me/s/jichang_list?before=360
2024-12-31 00:12:47 crawl.py [line:1390] INFO: [AirPortCrawl] start collect airport, url: https://t.me/s/jichang_list?before=340
2024-12-31 00:12:47 crawl.py [line:1390] INFO: [AirPortCrawl] start collect airport, url: https://t.me/s/jichang_list?before=320
2024-12-31 00:12:47 crawl.py [line:1390] INFO: [AirPortCrawl] start collect airport, url: https://t.me/s/jichang_list?before=300
2024-12-31 00:12:47 crawl.py [line:1390] INFO: [AirPortCrawl] start collect airport, url: https://t.me/s/jichang_list?before=280
2024-12-31 00:12:47 crawl.py [line:1390] INFO: [AirPortCrawl] start collect airport, url: https://t.me/s/jichang_list?before=260
2024-12-31 00:12:47 crawl.py [line:1390] INFO: [AirPortCrawl] start collect airport, url: https://t.me/s/jichang_list?before=240
2024-12-31 00:12:47 crawl.py [line:1390] INFO: [AirPortCrawl] start collect airport, url: https://t.me/s/jichang_list?before=220
2024-12-31 00:12:47 crawl.py [line:1390] INFO: [AirPortCrawl] start collect airport, url: https://t.me/s/jichang_list?before=200
2024-12-31 00:12:47 crawl.py [line:1390] INFO: [AirPortCrawl] start collect airport, url: https://t.me/s/jichang_list?before=180
2024-12-31 00:12:47 crawl.py [line:1390] INFO: [AirPortCrawl] start collect airport, url: https://t.me/s/jichang_list?before=160
2024-12-31 00:12:48 crawl.py [line:1390] INFO: [AirPortCrawl] start collect airport, url: https://t.me/s/jichang_list?before=140
2024-12-31 00:12:48 crawl.py [line:1390] INFO: [AirPortCrawl] start collect airport, url: https://t.me/s/jichang_list?before=120
2024-12-31 00:12:48 crawl.py [line:1390] INFO: [AirPortCrawl] start collect airport, url: https://t.me/s/jichang_list?before=100
2024-12-31 00:12:48 crawl.py [line:1390] INFO: [AirPortCrawl] start collect airport, url: https://t.me/s/jichang_list?before=80
2024-12-31 00:12:48 crawl.py [line:1390] INFO: [AirPortCrawl] start collect airport, url: https://t.me/s/jichang_list?before=60
2024-12-31 00:12:48 crawl.py [line:1390] INFO: [AirPortCrawl] start collect airport, url: https://t.me/s/jichang_list?before=40
2024-12-31 00:12:48 crawl.py [line:1390] INFO: [AirPortCrawl] start collect airport, url: https://t.me/s/jichang_list?before=20
2024-12-31 00:12:48 crawl.py [line:1390] INFO: [AirPortCrawl] start collect airport, url: https://t.me/s/jichang_list?before=0
2024-12-31 00:12:49 utils.py [line:557] INFO: [Concurrent] multi-threaded execute [extract_airport_site] finished, count: 198, cost: 19.54s
2024-12-31 00:12:58 utils.py [line:557] INFO: [Concurrent] multi-threaded execute [get_redirect_url] finished, count: 13, cost: 9.29s
2024-12-31 00:13:02 utils.py [line:557] INFO: [Concurrent] multi-threaded execute [run_crawl] finished, count: 9, cost: 0.17s
2024-12-31 00:13:02 crawl.py [line:1731] INFO: [AirPortCollector] fetched 5120 airport, start extracting real routing addresses
2024-12-31 00:16:57 utils.py [line:557] INFO: [Concurrent] multi-threaded execute [extract_backend_url] finished, count: 5120, cost: 234.58s
2024-12-31 00:16:57 crawl.py [line:1743] INFO: [AirPortCollector] extract real base url finished, start to check it now
2024-12-31 00:18:59 utils.py [line:557] INFO: [Concurrent] multi-threaded execute [validate_domain] finished, count: 2196, cost: 122.36s
2024-12-31 00:18:59 crawl.py [line:1755] INFO: [AirPortCollector] finished collect airport, availables: 201
